mode: set
github.com/netresearch/ldap-manager/internal/ldap_cache/cache.go:23.40,27.2 1 1
github.com/netresearch/ldap-manager/internal/ldap_cache/cache.go:31.34,36.2 3 1
github.com/netresearch/ldap-manager/internal/ldap_cache/cache.go:41.40,45.33 3 1
github.com/netresearch/ldap-manager/internal/ldap_cache/cache.go:45.33,48.3 2 1
github.com/netresearch/ldap-manager/internal/ldap_cache/cache.go:53.30,58.2 3 1
github.com/netresearch/ldap-manager/internal/ldap_cache/cache.go:63.61,67.31 3 1
github.com/netresearch/ldap-manager/internal/ldap_cache/cache.go:67.31,68.15 1 1
github.com/netresearch/ldap-manager/internal/ldap_cache/cache.go:68.15,70.4 1 1
github.com/netresearch/ldap-manager/internal/ldap_cache/cache.go:73.2,73.19 1 1
github.com/netresearch/ldap-manager/internal/ldap_cache/cache.go:78.59,79.31 1 1
github.com/netresearch/ldap-manager/internal/ldap_cache/cache.go:79.31,81.3 1 1
github.com/netresearch/ldap-manager/internal/ldap_cache/cache.go:87.52,91.31 3 1
github.com/netresearch/ldap-manager/internal/ldap_cache/cache.go:91.31,92.15 1 1
github.com/netresearch/ldap-manager/internal/ldap_cache/cache.go:92.15,94.4 1 1
github.com/netresearch/ldap-manager/internal/ldap_cache/cache.go:97.2,97.10 1 1
github.com/netresearch/ldap-manager/internal/ldap_cache/cache.go:102.32,107.2 3 1
github.com/netresearch/ldap-manager/internal/ldap_cache/manager.go:59.38,67.2 1 1
github.com/netresearch/ldap-manager/internal/ldap_cache/manager.go:72.25,78.6 3 1
github.com/netresearch/ldap-manager/internal/ldap_cache/manager.go:78.6,79.10 1 1
github.com/netresearch/ldap-manager/internal/ldap_cache/manager.go:80.17,83.10 3 1
github.com/netresearch/ldap-manager/internal/ldap_cache/manager.go:84.14,85.15 1 0
github.com/netresearch/ldap-manager/internal/ldap_cache/manager.go:92.26,94.2 1 1
github.com/netresearch/ldap-manager/internal/ldap_cache/manager.go:98.40,100.16 2 1
github.com/netresearch/ldap-manager/internal/ldap_cache/manager.go:100.16,102.3 1 1
github.com/netresearch/ldap-manager/internal/ldap_cache/manager.go:104.2,105.12 2 1
github.com/netresearch/ldap-manager/internal/ldap_cache/manager.go:110.41,112.16 2 1
github.com/netresearch/ldap-manager/internal/ldap_cache/manager.go:112.16,114.3 1 1
github.com/netresearch/ldap-manager/internal/ldap_cache/manager.go:116.2,117.12 2 1
github.com/netresearch/ldap-manager/internal/ldap_cache/manager.go:122.44,124.16 2 1
github.com/netresearch/ldap-manager/internal/ldap_cache/manager.go:124.16,126.3 1 1
github.com/netresearch/ldap-manager/internal/ldap_cache/manager.go:128.2,129.12 2 1
github.com/netresearch/ldap-manager/internal/ldap_cache/manager.go:135.29,136.41 1 1
github.com/netresearch/ldap-manager/internal/ldap_cache/manager.go:136.41,138.3 1 0
github.com/netresearch/ldap-manager/internal/ldap_cache/manager.go:140.2,140.42 1 1
github.com/netresearch/ldap-manager/internal/ldap_cache/manager.go:140.42,142.3 1 0
github.com/netresearch/ldap-manager/internal/ldap_cache/manager.go:144.2,144.45 1 1
github.com/netresearch/ldap-manager/internal/ldap_cache/manager.go:144.45,146.3 1 0
github.com/netresearch/ldap-manager/internal/ldap_cache/manager.go:148.2,149.58 1 1
github.com/netresearch/ldap-manager/internal/ldap_cache/manager.go:152.60,153.19 1 1
github.com/netresearch/ldap-manager/internal/ldap_cache/manager.go:153.19,154.48 1 1
github.com/netresearch/ldap-manager/internal/ldap_cache/manager.go:154.48,156.4 1 1
github.com/netresearch/ldap-manager/internal/ldap_cache/manager.go:159.2,159.22 1 1
github.com/netresearch/ldap-manager/internal/ldap_cache/manager.go:162.63,164.12 2 1
github.com/netresearch/ldap-manager/internal/ldap_cache/manager.go:164.12,166.3 1 1
github.com/netresearch/ldap-manager/internal/ldap_cache/manager.go:168.2,168.18 1 0
github.com/netresearch/ldap-manager/internal/ldap_cache/manager.go:171.87,172.56 1 1
github.com/netresearch/ldap-manager/internal/ldap_cache/manager.go:172.56,174.3 1 1
github.com/netresearch/ldap-manager/internal/ldap_cache/manager.go:175.2,175.12 1 1
github.com/netresearch/ldap-manager/internal/ldap_cache/manager.go:175.12,177.3 1 1
github.com/netresearch/ldap-manager/internal/ldap_cache/manager.go:179.2,179.18 1 1
github.com/netresearch/ldap-manager/internal/ldap_cache/manager.go:182.45,184.2 1 1
github.com/netresearch/ldap-manager/internal/ldap_cache/manager.go:186.65,189.12 2 1
github.com/netresearch/ldap-manager/internal/ldap_cache/manager.go:189.12,191.3 1 1
github.com/netresearch/ldap-manager/internal/ldap_cache/manager.go:193.2,193.19 1 0
github.com/netresearch/ldap-manager/internal/ldap_cache/manager.go:196.68,197.19 1 1
github.com/netresearch/ldap-manager/internal/ldap_cache/manager.go:197.19,198.56 1 1
github.com/netresearch/ldap-manager/internal/ldap_cache/manager.go:198.56,200.4 1 1
github.com/netresearch/ldap-manager/internal/ldap_cache/manager.go:203.2,203.26 1 1
github.com/netresearch/ldap-manager/internal/ldap_cache/manager.go:206.71,208.12 2 1
github.com/netresearch/ldap-manager/internal/ldap_cache/manager.go:208.12,210.3 1 1
github.com/netresearch/ldap-manager/internal/ldap_cache/manager.go:212.2,212.22 1 0
github.com/netresearch/ldap-manager/internal/ldap_cache/manager.go:215.72,221.38 2 1
github.com/netresearch/ldap-manager/internal/ldap_cache/manager.go:221.38,223.17 2 1
github.com/netresearch/ldap-manager/internal/ldap_cache/manager.go:223.17,225.4 1 0
github.com/netresearch/ldap-manager/internal/ldap_cache/manager.go:228.2,228.13 1 1
github.com/netresearch/ldap-manager/internal/ldap_cache/manager.go:231.94,237.39 2 1
github.com/netresearch/ldap-manager/internal/ldap_cache/manager.go:237.39,239.17 2 1
github.com/netresearch/ldap-manager/internal/ldap_cache/manager.go:239.17,240.37 1 0
github.com/netresearch/ldap-manager/internal/ldap_cache/manager.go:240.37,241.13 1 0
github.com/netresearch/ldap-manager/internal/ldap_cache/manager.go:244.4,244.46 1 0
github.com/netresearch/ldap-manager/internal/ldap_cache/manager.go:248.2,248.13 1 1
github.com/netresearch/ldap-manager/internal/ldap_cache/manager.go:251.88,257.42 2 0
github.com/netresearch/ldap-manager/internal/ldap_cache/manager.go:257.42,259.17 2 0
github.com/netresearch/ldap-manager/internal/ldap_cache/manager.go:259.17,261.4 1 0
github.com/netresearch/ldap-manager/internal/ldap_cache/manager.go:264.2,264.13 1 0
github.com/netresearch/ldap-manager/internal/ldap_cache/manager.go:267.67,268.39 1 0
github.com/netresearch/ldap-manager/internal/ldap_cache/manager.go:268.39,269.26 1 0
github.com/netresearch/ldap-manager/internal/ldap_cache/manager.go:269.26,271.4 1 0
github.com/netresearch/ldap-manager/internal/ldap_cache/manager.go:273.3,273.45 1 0
github.com/netresearch/ldap-manager/internal/ldap_cache/manager.go:276.2,276.42 1 0
github.com/netresearch/ldap-manager/internal/ldap_cache/manager.go:276.42,277.28 1 0
github.com/netresearch/ldap-manager/internal/ldap_cache/manager.go:277.28,279.4 1 0
github.com/netresearch/ldap-manager/internal/ldap_cache/manager.go:281.3,281.48 1 0
github.com/netresearch/ldap-manager/internal/ldap_cache/manager.go:285.72,286.39 1 0
github.com/netresearch/ldap-manager/internal/ldap_cache/manager.go:286.39,287.26 1 0
github.com/netresearch/ldap-manager/internal/ldap_cache/manager.go:287.26,289.4 1 0
github.com/netresearch/ldap-manager/internal/ldap_cache/manager.go:291.3,291.39 1 0
github.com/netresearch/ldap-manager/internal/ldap_cache/manager.go:291.39,292.24 1 0
github.com/netresearch/ldap-manager/internal/ldap_cache/manager.go:292.24,294.5 1 0
github.com/netresearch/ldap-manager/internal/ldap_cache/manager.go:298.2,298.42 1 0
github.com/netresearch/ldap-manager/internal/ldap_cache/manager.go:298.42,299.28 1 0
github.com/netresearch/ldap-manager/internal/ldap_cache/manager.go:299.28,301.4 1 0
github.com/netresearch/ldap-manager/internal/ldap_cache/manager.go:303.3,303.42 1 0
github.com/netresearch/ldap-manager/internal/ldap_cache/manager.go:303.42,304.24 1 0
github.com/netresearch/ldap-manager/internal/ldap_cache/manager.go:304.24,306.5 1 0
github.com/netresearch/ldap-manager/internal/ldap_cache/test_helpers.go:26.59,28.29 2 1
github.com/netresearch/ldap-manager/internal/ldap_cache/test_helpers.go:28.29,30.3 1 1
github.com/netresearch/ldap-manager/internal/ldap_cache/test_helpers.go:31.2,31.21 1 1
github.com/netresearch/ldap-manager/internal/ldap_cache/test_helpers.go:34.61,36.30 2 1
github.com/netresearch/ldap-manager/internal/ldap_cache/test_helpers.go:36.30,38.3 1 1
github.com/netresearch/ldap-manager/internal/ldap_cache/test_helpers.go:39.2,39.22 1 1
github.com/netresearch/ldap-manager/internal/ldap_cache/test_helpers.go:42.67,44.33 2 1
github.com/netresearch/ldap-manager/internal/ldap_cache/test_helpers.go:44.33,46.3 1 1
github.com/netresearch/ldap-manager/internal/ldap_cache/test_helpers.go:47.2,47.25 1 1
github.com/netresearch/ldap-manager/internal/ldap_cache/test_helpers.go:50.110,52.2 1 0
github.com/netresearch/ldap-manager/internal/ldap_cache/test_helpers.go:54.83,56.2 1 0
github.com/netresearch/ldap-manager/internal/ldap_cache/test_helpers.go:59.86,65.2 1 1
github.com/netresearch/ldap-manager/internal/ldap_cache/test_helpers.go:67.65,71.2 1 1
github.com/netresearch/ldap-manager/internal/ldap_cache/test_helpers.go:73.94,79.2 1 1
