mode: atomic
github.com/netresearch/ldap-manager/internal/build.go:15.29,16.22 1 0
github.com/netresearch/ldap-manager/internal/build.go:16.22,18.3 1 0
github.com/netresearch/ldap-manager/internal/build.go:20.2,20.81 1 0
github.com/netresearch/ldap-manager/main.go:16.13,25.16 6 0
github.com/netresearch/ldap-manager/main.go:25.16,27.3 1 0
github.com/netresearch/ldap-manager/main.go:29.2,29.44 1 0
github.com/netresearch/ldap-manager/main.go:29.44,31.3 1 0
github.com/netresearch/ldap-manager/internal/web/templates/base_templ.go:13.41,14.131 1 0
github.com/netresearch/ldap-manager/internal/web/templates/base_templ.go:14.131,16.71 2 0
github.com/netresearch/ldap-manager/internal/web/templates/base_templ.go:16.71,18.4 1 0
github.com/netresearch/ldap-manager/internal/web/templates/base_templ.go:19.3,20.31 2 0
github.com/netresearch/ldap-manager/internal/web/templates/base_templ.go:20.31,21.17 1 0
github.com/netresearch/ldap-manager/internal/web/templates/base_templ.go:21.17,23.34 2 0
github.com/netresearch/ldap-manager/internal/web/templates/base_templ.go:23.34,25.6 1 0
github.com/netresearch/ldap-manager/internal/web/templates/base_templ.go:28.3,30.33 3 0
github.com/netresearch/ldap-manager/internal/web/templates/base_templ.go:30.33,32.4 1 0
github.com/netresearch/ldap-manager/internal/web/templates/base_templ.go:33.3,35.32 3 0
github.com/netresearch/ldap-manager/internal/web/templates/base_templ.go:35.32,37.4 1 0
github.com/netresearch/ldap-manager/internal/web/templates/base_templ.go:38.3,40.32 3 0
github.com/netresearch/ldap-manager/internal/web/templates/base_templ.go:40.32,42.4 1 0
github.com/netresearch/ldap-manager/internal/web/templates/base_templ.go:43.3,44.32 2 0
github.com/netresearch/ldap-manager/internal/web/templates/base_templ.go:44.32,46.4 1 0
github.com/netresearch/ldap-manager/internal/web/templates/base_templ.go:47.3,48.32 2 0
github.com/netresearch/ldap-manager/internal/web/templates/base_templ.go:48.32,50.4 1 0
github.com/netresearch/ldap-manager/internal/web/templates/base_templ.go:51.3,52.32 2 0
github.com/netresearch/ldap-manager/internal/web/templates/base_templ.go:52.32,54.4 1 0
github.com/netresearch/ldap-manager/internal/web/templates/base_templ.go:55.3,56.32 2 0
github.com/netresearch/ldap-manager/internal/web/templates/base_templ.go:56.32,58.4 1 0
github.com/netresearch/ldap-manager/internal/web/templates/base_templ.go:59.3,59.13 1 0
github.com/netresearch/ldap-manager/internal/web/templates/computer_templ.go:21.31,23.2 1 0
github.com/netresearch/ldap-manager/internal/web/templates/computer_templ.go:24.33,26.2 1 0
github.com/netresearch/ldap-manager/internal/web/templates/computer_templ.go:27.39,29.2 1 0
github.com/netresearch/ldap-manager/internal/web/templates/computer_templ.go:30.34,32.2 1 0
github.com/netresearch/ldap-manager/internal/web/templates/computer_templ.go:34.65,35.61 1 0
github.com/netresearch/ldap-manager/internal/web/templates/computer_templ.go:35.61,37.3 1 0
github.com/netresearch/ldap-manager/internal/web/templates/computer_templ.go:40.70,41.131 1 0
github.com/netresearch/ldap-manager/internal/web/templates/computer_templ.go:41.131,43.71 2 0
github.com/netresearch/ldap-manager/internal/web/templates/computer_templ.go:43.71,45.4 1 0
github.com/netresearch/ldap-manager/internal/web/templates/computer_templ.go:46.3,47.31 2 0
github.com/netresearch/ldap-manager/internal/web/templates/computer_templ.go:47.31,48.17 1 0
github.com/netresearch/ldap-manager/internal/web/templates/computer_templ.go:48.17,50.34 2 0
github.com/netresearch/ldap-manager/internal/web/templates/computer_templ.go:50.34,52.6 1 0
github.com/netresearch/ldap-manager/internal/web/templates/computer_templ.go:55.3,57.33 3 0
github.com/netresearch/ldap-manager/internal/web/templates/computer_templ.go:57.33,59.4 1 0
github.com/netresearch/ldap-manager/internal/web/templates/computer_templ.go:60.3,61.148 2 0
github.com/netresearch/ldap-manager/internal/web/templates/computer_templ.go:61.148,64.32 3 0
github.com/netresearch/ldap-manager/internal/web/templates/computer_templ.go:64.32,65.18 1 0
github.com/netresearch/ldap-manager/internal/web/templates/computer_templ.go:65.18,67.35 2 0
github.com/netresearch/ldap-manager/internal/web/templates/computer_templ.go:67.35,69.7 1 0
github.com/netresearch/ldap-manager/internal/web/templates/computer_templ.go:72.4,74.33 3 0
github.com/netresearch/ldap-manager/internal/web/templates/computer_templ.go:74.33,76.5 1 0
github.com/netresearch/ldap-manager/internal/web/templates/computer_templ.go:77.4,79.33 3 0
github.com/netresearch/ldap-manager/internal/web/templates/computer_templ.go:79.33,81.5 1 0
github.com/netresearch/ldap-manager/internal/web/templates/computer_templ.go:82.4,83.33 2 0
github.com/netresearch/ldap-manager/internal/web/templates/computer_templ.go:83.33,85.5 1 0
github.com/netresearch/ldap-manager/internal/web/templates/computer_templ.go:86.4,87.33 2 0
github.com/netresearch/ldap-manager/internal/web/templates/computer_templ.go:87.33,89.5 1 0
github.com/netresearch/ldap-manager/internal/web/templates/computer_templ.go:90.4,92.33 3 0
github.com/netresearch/ldap-manager/internal/web/templates/computer_templ.go:92.33,94.5 1 0
github.com/netresearch/ldap-manager/internal/web/templates/computer_templ.go:95.4,96.33 2 0
github.com/netresearch/ldap-manager/internal/web/templates/computer_templ.go:96.33,98.5 1 0
github.com/netresearch/ldap-manager/internal/web/templates/computer_templ.go:99.4,100.33 2 0
github.com/netresearch/ldap-manager/internal/web/templates/computer_templ.go:100.33,102.5 1 0
github.com/netresearch/ldap-manager/internal/web/templates/computer_templ.go:103.4,105.33 3 0
github.com/netresearch/ldap-manager/internal/web/templates/computer_templ.go:105.33,107.5 1 0
github.com/netresearch/ldap-manager/internal/web/templates/computer_templ.go:108.4,109.33 2 0
github.com/netresearch/ldap-manager/internal/web/templates/computer_templ.go:109.33,111.5 1 0
github.com/netresearch/ldap-manager/internal/web/templates/computer_templ.go:112.4,113.33 2 0
github.com/netresearch/ldap-manager/internal/web/templates/computer_templ.go:113.33,115.5 1 0
github.com/netresearch/ldap-manager/internal/web/templates/computer_templ.go:116.4,116.25 1 0
github.com/netresearch/ldap-manager/internal/web/templates/computer_templ.go:116.25,118.34 2 0
github.com/netresearch/ldap-manager/internal/web/templates/computer_templ.go:118.34,120.6 1 0
github.com/netresearch/ldap-manager/internal/web/templates/computer_templ.go:122.4,123.33 2 0
github.com/netresearch/ldap-manager/internal/web/templates/computer_templ.go:123.33,125.5 1 0
github.com/netresearch/ldap-manager/internal/web/templates/computer_templ.go:126.4,128.33 3 0
github.com/netresearch/ldap-manager/internal/web/templates/computer_templ.go:128.33,130.5 1 0
github.com/netresearch/ldap-manager/internal/web/templates/computer_templ.go:131.4,132.33 2 0
github.com/netresearch/ldap-manager/internal/web/templates/computer_templ.go:132.33,134.5 1 0
github.com/netresearch/ldap-manager/internal/web/templates/computer_templ.go:135.4,136.33 2 0
github.com/netresearch/ldap-manager/internal/web/templates/computer_templ.go:136.33,138.5 1 0
github.com/netresearch/ldap-manager/internal/web/templates/computer_templ.go:139.4,141.33 3 0
github.com/netresearch/ldap-manager/internal/web/templates/computer_templ.go:141.33,143.5 1 0
github.com/netresearch/ldap-manager/internal/web/templates/computer_templ.go:144.4,145.33 2 0
github.com/netresearch/ldap-manager/internal/web/templates/computer_templ.go:145.33,147.5 1 0
github.com/netresearch/ldap-manager/internal/web/templates/computer_templ.go:148.4,149.33 2 0
github.com/netresearch/ldap-manager/internal/web/templates/computer_templ.go:149.33,151.5 1 0
github.com/netresearch/ldap-manager/internal/web/templates/computer_templ.go:152.4,153.33 2 0
github.com/netresearch/ldap-manager/internal/web/templates/computer_templ.go:153.33,155.5 1 0
github.com/netresearch/ldap-manager/internal/web/templates/computer_templ.go:156.4,157.33 2 0
github.com/netresearch/ldap-manager/internal/web/templates/computer_templ.go:157.33,159.5 1 0
github.com/netresearch/ldap-manager/internal/web/templates/computer_templ.go:160.4,160.33 1 0
github.com/netresearch/ldap-manager/internal/web/templates/computer_templ.go:160.33,162.34 2 0
github.com/netresearch/ldap-manager/internal/web/templates/computer_templ.go:162.34,164.6 1 0
github.com/netresearch/ldap-manager/internal/web/templates/computer_templ.go:166.4,166.14 1 0
github.com/netresearch/ldap-manager/internal/web/templates/computer_templ.go:168.3,169.32 2 0
github.com/netresearch/ldap-manager/internal/web/templates/computer_templ.go:169.32,171.4 1 0
github.com/netresearch/ldap-manager/internal/web/templates/computer_templ.go:172.3,172.13 1 0
github.com/netresearch/ldap-manager/internal/web/templates/computer_templ.go:176.59,177.131 1 0
github.com/netresearch/ldap-manager/internal/web/templates/computer_templ.go:177.131,179.71 2 0
github.com/netresearch/ldap-manager/internal/web/templates/computer_templ.go:179.71,181.4 1 0
github.com/netresearch/ldap-manager/internal/web/templates/computer_templ.go:182.3,183.31 2 0
github.com/netresearch/ldap-manager/internal/web/templates/computer_templ.go:183.31,184.17 1 0
github.com/netresearch/ldap-manager/internal/web/templates/computer_templ.go:184.17,186.34 2 0
github.com/netresearch/ldap-manager/internal/web/templates/computer_templ.go:186.34,188.6 1 0
github.com/netresearch/ldap-manager/internal/web/templates/computer_templ.go:191.3,193.33 3 0
github.com/netresearch/ldap-manager/internal/web/templates/computer_templ.go:193.33,195.4 1 0
github.com/netresearch/ldap-manager/internal/web/templates/computer_templ.go:196.3,197.148 2 0
github.com/netresearch/ldap-manager/internal/web/templates/computer_templ.go:197.148,200.32 3 0
github.com/netresearch/ldap-manager/internal/web/templates/computer_templ.go:200.32,201.18 1 0
github.com/netresearch/ldap-manager/internal/web/templates/computer_templ.go:201.18,203.35 2 0
github.com/netresearch/ldap-manager/internal/web/templates/computer_templ.go:203.35,205.7 1 0
github.com/netresearch/ldap-manager/internal/web/templates/computer_templ.go:208.4,210.33 3 0
github.com/netresearch/ldap-manager/internal/web/templates/computer_templ.go:210.33,212.5 1 0
github.com/netresearch/ldap-manager/internal/web/templates/computer_templ.go:213.4,214.33 2 0
github.com/netresearch/ldap-manager/internal/web/templates/computer_templ.go:214.33,216.5 1 0
github.com/netresearch/ldap-manager/internal/web/templates/computer_templ.go:217.4,217.14 1 0
github.com/netresearch/ldap-manager/internal/web/templates/computer_templ.go:219.3,220.32 2 0
github.com/netresearch/ldap-manager/internal/web/templates/computer_templ.go:220.32,222.4 1 0
github.com/netresearch/ldap-manager/internal/web/templates/computer_templ.go:223.3,223.13 1 0
github.com/netresearch/ldap-manager/internal/web/templates/computer_templ.go:227.56,229.2 1 0
github.com/netresearch/ldap-manager/internal/web/templates/errors_templ.go:13.46,14.131 1 0
github.com/netresearch/ldap-manager/internal/web/templates/errors_templ.go:14.131,16.71 2 0
github.com/netresearch/ldap-manager/internal/web/templates/errors_templ.go:16.71,18.4 1 0
github.com/netresearch/ldap-manager/internal/web/templates/errors_templ.go:19.3,20.31 2 0
github.com/netresearch/ldap-manager/internal/web/templates/errors_templ.go:20.31,21.17 1 0
github.com/netresearch/ldap-manager/internal/web/templates/errors_templ.go:21.17,23.34 2 0
github.com/netresearch/ldap-manager/internal/web/templates/errors_templ.go:23.34,25.6 1 0
github.com/netresearch/ldap-manager/internal/web/templates/errors_templ.go:28.3,30.33 3 0
github.com/netresearch/ldap-manager/internal/web/templates/errors_templ.go:30.33,32.4 1 0
github.com/netresearch/ldap-manager/internal/web/templates/errors_templ.go:33.3,34.148 2 0
github.com/netresearch/ldap-manager/internal/web/templates/errors_templ.go:34.148,37.32 3 0
github.com/netresearch/ldap-manager/internal/web/templates/errors_templ.go:37.32,38.18 1 0
github.com/netresearch/ldap-manager/internal/web/templates/errors_templ.go:38.18,40.35 2 0
github.com/netresearch/ldap-manager/internal/web/templates/errors_templ.go:40.35,42.7 1 0
github.com/netresearch/ldap-manager/internal/web/templates/errors_templ.go:45.4,47.33 3 0
github.com/netresearch/ldap-manager/internal/web/templates/errors_templ.go:47.33,49.5 1 0
github.com/netresearch/ldap-manager/internal/web/templates/errors_templ.go:50.4,50.14 1 0
github.com/netresearch/ldap-manager/internal/web/templates/errors_templ.go:52.3,53.32 2 0
github.com/netresearch/ldap-manager/internal/web/templates/errors_templ.go:53.32,55.4 1 0
github.com/netresearch/ldap-manager/internal/web/templates/errors_templ.go:56.3,56.13 1 0
github.com/netresearch/ldap-manager/internal/web/templates/errors_templ.go:60.45,61.131 1 0
github.com/netresearch/ldap-manager/internal/web/templates/errors_templ.go:61.131,63.71 2 0
github.com/netresearch/ldap-manager/internal/web/templates/errors_templ.go:63.71,65.4 1 0
github.com/netresearch/ldap-manager/internal/web/templates/errors_templ.go:66.3,67.31 2 0
github.com/netresearch/ldap-manager/internal/web/templates/errors_templ.go:67.31,68.17 1 0
github.com/netresearch/ldap-manager/internal/web/templates/errors_templ.go:68.17,70.34 2 0
github.com/netresearch/ldap-manager/internal/web/templates/errors_templ.go:70.34,72.6 1 0
github.com/netresearch/ldap-manager/internal/web/templates/errors_templ.go:75.3,77.33 3 0
github.com/netresearch/ldap-manager/internal/web/templates/errors_templ.go:77.33,79.4 1 0
github.com/netresearch/ldap-manager/internal/web/templates/errors_templ.go:80.3,82.32 3 0
github.com/netresearch/ldap-manager/internal/web/templates/errors_templ.go:82.32,84.4 1 0
github.com/netresearch/ldap-manager/internal/web/templates/errors_templ.go:85.3,87.32 3 0
github.com/netresearch/ldap-manager/internal/web/templates/errors_templ.go:87.32,89.4 1 0
github.com/netresearch/ldap-manager/internal/web/templates/errors_templ.go:90.3,91.32 2 0
github.com/netresearch/ldap-manager/internal/web/templates/errors_templ.go:91.32,93.4 1 0
github.com/netresearch/ldap-manager/internal/web/templates/errors_templ.go:94.3,95.32 2 0
github.com/netresearch/ldap-manager/internal/web/templates/errors_templ.go:95.32,97.4 1 0
github.com/netresearch/ldap-manager/internal/web/templates/errors_templ.go:98.3,98.13 1 0
github.com/netresearch/ldap-manager/internal/web/templates/flash.go:19.42,21.2 1 2
github.com/netresearch/ldap-manager/internal/web/templates/flash.go:30.41,35.2 1 3
github.com/netresearch/ldap-manager/internal/web/templates/flash.go:38.39,43.2 1 3
github.com/netresearch/ldap-manager/internal/web/templates/flash.go:46.38,51.2 1 2
github.com/netresearch/ldap-manager/internal/web/templates/flash.go:54.33,56.2 1 3
github.com/netresearch/ldap-manager/internal/web/templates/flash.go:59.31,61.2 1 3
github.com/netresearch/ldap-manager/internal/web/templates/flash.go:64.30,66.2 1 3
github.com/netresearch/ldap-manager/internal/web/templates/flash.go:73.37,74.16 1 4
github.com/netresearch/ldap-manager/internal/web/templates/flash.go:75.24,76.29 1 1
github.com/netresearch/ldap-manager/internal/web/templates/flash.go:77.22,78.27 1 1
github.com/netresearch/ldap-manager/internal/web/templates/flash.go:79.21,80.26 1 1
github.com/netresearch/ldap-manager/internal/web/templates/flash.go:81.10,82.30 1 1
github.com/netresearch/ldap-manager/internal/web/templates/groups_templ.go:21.28,23.2 1 0
github.com/netresearch/ldap-manager/internal/web/templates/groups_templ.go:24.30,26.2 1 0
github.com/netresearch/ldap-manager/internal/web/templates/groups_templ.go:27.36,29.2 1 0
github.com/netresearch/ldap-manager/internal/web/templates/groups_templ.go:30.31,32.2 1 0
github.com/netresearch/ldap-manager/internal/web/templates/groups_templ.go:34.56,35.55 1 0
github.com/netresearch/ldap-manager/internal/web/templates/groups_templ.go:35.55,37.3 1 0
github.com/netresearch/ldap-manager/internal/web/templates/groups_templ.go:40.107,41.131 1 0
github.com/netresearch/ldap-manager/internal/web/templates/groups_templ.go:41.131,43.71 2 0
github.com/netresearch/ldap-manager/internal/web/templates/groups_templ.go:43.71,45.4 1 0
github.com/netresearch/ldap-manager/internal/web/templates/groups_templ.go:46.3,47.31 2 0
github.com/netresearch/ldap-manager/internal/web/templates/groups_templ.go:47.31,48.17 1 0
github.com/netresearch/ldap-manager/internal/web/templates/groups_templ.go:48.17,50.34 2 0
github.com/netresearch/ldap-manager/internal/web/templates/groups_templ.go:50.34,52.6 1 0
github.com/netresearch/ldap-manager/internal/web/templates/groups_templ.go:55.3,57.33 3 0
github.com/netresearch/ldap-manager/internal/web/templates/groups_templ.go:57.33,59.4 1 0
github.com/netresearch/ldap-manager/internal/web/templates/groups_templ.go:60.3,61.148 2 0
github.com/netresearch/ldap-manager/internal/web/templates/groups_templ.go:61.148,64.32 3 0
github.com/netresearch/ldap-manager/internal/web/templates/groups_templ.go:64.32,65.18 1 0
github.com/netresearch/ldap-manager/internal/web/templates/groups_templ.go:65.18,67.35 2 0
github.com/netresearch/ldap-manager/internal/web/templates/groups_templ.go:67.35,69.7 1 0
github.com/netresearch/ldap-manager/internal/web/templates/groups_templ.go:72.4,74.33 3 0
github.com/netresearch/ldap-manager/internal/web/templates/groups_templ.go:74.33,76.5 1 0
github.com/netresearch/ldap-manager/internal/web/templates/groups_templ.go:77.4,79.33 3 0
github.com/netresearch/ldap-manager/internal/web/templates/groups_templ.go:79.33,81.5 1 0
github.com/netresearch/ldap-manager/internal/web/templates/groups_templ.go:82.4,83.33 2 0
github.com/netresearch/ldap-manager/internal/web/templates/groups_templ.go:83.33,85.5 1 0
github.com/netresearch/ldap-manager/internal/web/templates/groups_templ.go:86.4,87.33 2 0
github.com/netresearch/ldap-manager/internal/web/templates/groups_templ.go:87.33,89.5 1 0
github.com/netresearch/ldap-manager/internal/web/templates/groups_templ.go:90.4,92.33 3 0
github.com/netresearch/ldap-manager/internal/web/templates/groups_templ.go:92.33,94.5 1 0
github.com/netresearch/ldap-manager/internal/web/templates/groups_templ.go:95.4,96.33 2 0
github.com/netresearch/ldap-manager/internal/web/templates/groups_templ.go:96.33,98.5 1 0
github.com/netresearch/ldap-manager/internal/web/templates/groups_templ.go:99.4,100.33 2 0
github.com/netresearch/ldap-manager/internal/web/templates/groups_templ.go:100.33,102.5 1 0
github.com/netresearch/ldap-manager/internal/web/templates/groups_templ.go:103.4,103.39 1 0
github.com/netresearch/ldap-manager/internal/web/templates/groups_templ.go:103.39,105.34 2 0
github.com/netresearch/ldap-manager/internal/web/templates/groups_templ.go:105.34,107.6 1 0
github.com/netresearch/ldap-manager/internal/web/templates/groups_templ.go:108.5,110.34 3 0
github.com/netresearch/ldap-manager/internal/web/templates/groups_templ.go:110.34,112.6 1 0
github.com/netresearch/ldap-manager/internal/web/templates/groups_templ.go:113.5,114.34 2 0
github.com/netresearch/ldap-manager/internal/web/templates/groups_templ.go:114.34,116.6 1 0
github.com/netresearch/ldap-manager/internal/web/templates/groups_templ.go:117.5,118.34 2 0
github.com/netresearch/ldap-manager/internal/web/templates/groups_templ.go:118.34,120.6 1 0
github.com/netresearch/ldap-manager/internal/web/templates/groups_templ.go:121.5,123.34 3 0
github.com/netresearch/ldap-manager/internal/web/templates/groups_templ.go:123.34,125.6 1 0
github.com/netresearch/ldap-manager/internal/web/templates/groups_templ.go:126.5,127.34 2 0
github.com/netresearch/ldap-manager/internal/web/templates/groups_templ.go:127.34,129.6 1 0
github.com/netresearch/ldap-manager/internal/web/templates/groups_templ.go:130.5,131.34 2 0
github.com/netresearch/ldap-manager/internal/web/templates/groups_templ.go:131.34,133.6 1 0
github.com/netresearch/ldap-manager/internal/web/templates/groups_templ.go:134.5,136.34 3 0
github.com/netresearch/ldap-manager/internal/web/templates/groups_templ.go:136.34,138.6 1 0
github.com/netresearch/ldap-manager/internal/web/templates/groups_templ.go:139.5,140.34 2 0
github.com/netresearch/ldap-manager/internal/web/templates/groups_templ.go:140.34,142.6 1 0
github.com/netresearch/ldap-manager/internal/web/templates/groups_templ.go:143.5,144.34 2 0
github.com/netresearch/ldap-manager/internal/web/templates/groups_templ.go:144.34,146.6 1 0
github.com/netresearch/ldap-manager/internal/web/templates/groups_templ.go:147.5,149.34 3 0
github.com/netresearch/ldap-manager/internal/web/templates/groups_templ.go:149.34,151.6 1 0
github.com/netresearch/ldap-manager/internal/web/templates/groups_templ.go:152.5,153.34 2 0
github.com/netresearch/ldap-manager/internal/web/templates/groups_templ.go:153.34,155.6 1 0
github.com/netresearch/ldap-manager/internal/web/templates/groups_templ.go:156.5,157.34 2 0
github.com/netresearch/ldap-manager/internal/web/templates/groups_templ.go:157.34,159.6 1 0
github.com/netresearch/ldap-manager/internal/web/templates/groups_templ.go:160.5,161.34 2 0
github.com/netresearch/ldap-manager/internal/web/templates/groups_templ.go:161.34,163.6 1 0
github.com/netresearch/ldap-manager/internal/web/templates/groups_templ.go:164.5,165.34 2 0
github.com/netresearch/ldap-manager/internal/web/templates/groups_templ.go:165.34,167.6 1 0
github.com/netresearch/ldap-manager/internal/web/templates/groups_templ.go:168.5,170.34 3 0
github.com/netresearch/ldap-manager/internal/web/templates/groups_templ.go:170.34,172.6 1 0
github.com/netresearch/ldap-manager/internal/web/templates/groups_templ.go:173.5,174.34 2 0
github.com/netresearch/ldap-manager/internal/web/templates/groups_templ.go:174.34,176.6 1 0
github.com/netresearch/ldap-manager/internal/web/templates/groups_templ.go:177.5,178.34 2 0
github.com/netresearch/ldap-manager/internal/web/templates/groups_templ.go:178.34,180.6 1 0
github.com/netresearch/ldap-manager/internal/web/templates/groups_templ.go:181.5,183.34 3 0
github.com/netresearch/ldap-manager/internal/web/templates/groups_templ.go:183.34,185.6 1 0
github.com/netresearch/ldap-manager/internal/web/templates/groups_templ.go:186.5,187.34 2 0
github.com/netresearch/ldap-manager/internal/web/templates/groups_templ.go:187.34,189.6 1 0
github.com/netresearch/ldap-manager/internal/web/templates/groups_templ.go:190.5,191.34 2 0
github.com/netresearch/ldap-manager/internal/web/templates/groups_templ.go:191.34,193.6 1 0
github.com/netresearch/ldap-manager/internal/web/templates/groups_templ.go:194.5,195.34 2 0
github.com/netresearch/ldap-manager/internal/web/templates/groups_templ.go:195.34,197.6 1 0
github.com/netresearch/ldap-manager/internal/web/templates/groups_templ.go:198.5,199.34 2 0
github.com/netresearch/ldap-manager/internal/web/templates/groups_templ.go:199.34,201.6 1 0
github.com/netresearch/ldap-manager/internal/web/templates/groups_templ.go:203.4,204.33 2 0
github.com/netresearch/ldap-manager/internal/web/templates/groups_templ.go:204.33,206.5 1 0
github.com/netresearch/ldap-manager/internal/web/templates/groups_templ.go:207.4,207.31 1 0
github.com/netresearch/ldap-manager/internal/web/templates/groups_templ.go:207.31,209.34 2 0
github.com/netresearch/ldap-manager/internal/web/templates/groups_templ.go:209.34,211.6 1 0
github.com/netresearch/ldap-manager/internal/web/templates/groups_templ.go:213.4,214.33 2 0
github.com/netresearch/ldap-manager/internal/web/templates/groups_templ.go:214.33,216.5 1 0
github.com/netresearch/ldap-manager/internal/web/templates/groups_templ.go:217.4,219.33 3 0
github.com/netresearch/ldap-manager/internal/web/templates/groups_templ.go:219.33,221.5 1 0
github.com/netresearch/ldap-manager/internal/web/templates/groups_templ.go:222.4,223.33 2 0
github.com/netresearch/ldap-manager/internal/web/templates/groups_templ.go:223.33,225.5 1 0
github.com/netresearch/ldap-manager/internal/web/templates/groups_templ.go:226.4,227.33 2 0
github.com/netresearch/ldap-manager/internal/web/templates/groups_templ.go:227.33,229.5 1 0
github.com/netresearch/ldap-manager/internal/web/templates/groups_templ.go:230.4,230.41 1 0
github.com/netresearch/ldap-manager/internal/web/templates/groups_templ.go:230.41,232.34 2 0
github.com/netresearch/ldap-manager/internal/web/templates/groups_templ.go:232.34,234.6 1 0
github.com/netresearch/ldap-manager/internal/web/templates/groups_templ.go:235.5,237.34 3 0
github.com/netresearch/ldap-manager/internal/web/templates/groups_templ.go:237.34,239.6 1 0
github.com/netresearch/ldap-manager/internal/web/templates/groups_templ.go:240.5,241.34 2 0
github.com/netresearch/ldap-manager/internal/web/templates/groups_templ.go:241.34,243.6 1 0
github.com/netresearch/ldap-manager/internal/web/templates/groups_templ.go:244.5,245.34 2 0
github.com/netresearch/ldap-manager/internal/web/templates/groups_templ.go:245.34,247.6 1 0
github.com/netresearch/ldap-manager/internal/web/templates/groups_templ.go:248.5,250.34 3 0
github.com/netresearch/ldap-manager/internal/web/templates/groups_templ.go:250.34,252.6 1 0
github.com/netresearch/ldap-manager/internal/web/templates/groups_templ.go:253.5,254.34 2 0
github.com/netresearch/ldap-manager/internal/web/templates/groups_templ.go:254.34,256.6 1 0
github.com/netresearch/ldap-manager/internal/web/templates/groups_templ.go:257.5,258.34 2 0
github.com/netresearch/ldap-manager/internal/web/templates/groups_templ.go:258.34,260.6 1 0
github.com/netresearch/ldap-manager/internal/web/templates/groups_templ.go:261.5,263.34 3 0
github.com/netresearch/ldap-manager/internal/web/templates/groups_templ.go:263.34,265.6 1 0
github.com/netresearch/ldap-manager/internal/web/templates/groups_templ.go:266.5,267.34 2 0
github.com/netresearch/ldap-manager/internal/web/templates/groups_templ.go:267.34,269.6 1 0
github.com/netresearch/ldap-manager/internal/web/templates/groups_templ.go:270.5,271.34 2 0
github.com/netresearch/ldap-manager/internal/web/templates/groups_templ.go:271.34,273.6 1 0
github.com/netresearch/ldap-manager/internal/web/templates/groups_templ.go:275.4,276.33 2 0
github.com/netresearch/ldap-manager/internal/web/templates/groups_templ.go:276.33,278.5 1 0
github.com/netresearch/ldap-manager/internal/web/templates/groups_templ.go:279.4,280.33 2 0
github.com/netresearch/ldap-manager/internal/web/templates/groups_templ.go:280.33,282.5 1 0
github.com/netresearch/ldap-manager/internal/web/templates/groups_templ.go:283.4,284.33 2 0
github.com/netresearch/ldap-manager/internal/web/templates/groups_templ.go:284.33,286.5 1 0
github.com/netresearch/ldap-manager/internal/web/templates/groups_templ.go:287.4,287.14 1 0
github.com/netresearch/ldap-manager/internal/web/templates/groups_templ.go:289.3,290.32 2 0
github.com/netresearch/ldap-manager/internal/web/templates/groups_templ.go:290.32,292.4 1 0
github.com/netresearch/ldap-manager/internal/web/templates/groups_templ.go:293.3,293.13 1 0
github.com/netresearch/ldap-manager/internal/web/templates/groups_templ.go:297.50,298.131 1 0
github.com/netresearch/ldap-manager/internal/web/templates/groups_templ.go:298.131,300.71 2 0
github.com/netresearch/ldap-manager/internal/web/templates/groups_templ.go:300.71,302.4 1 0
github.com/netresearch/ldap-manager/internal/web/templates/groups_templ.go:303.3,304.31 2 0
github.com/netresearch/ldap-manager/internal/web/templates/groups_templ.go:304.31,305.17 1 0
github.com/netresearch/ldap-manager/internal/web/templates/groups_templ.go:305.17,307.34 2 0
github.com/netresearch/ldap-manager/internal/web/templates/groups_templ.go:307.34,309.6 1 0
github.com/netresearch/ldap-manager/internal/web/templates/groups_templ.go:312.3,314.34 3 0
github.com/netresearch/ldap-manager/internal/web/templates/groups_templ.go:314.34,316.4 1 0
github.com/netresearch/ldap-manager/internal/web/templates/groups_templ.go:317.3,318.149 2 0
github.com/netresearch/ldap-manager/internal/web/templates/groups_templ.go:318.149,321.32 3 0
github.com/netresearch/ldap-manager/internal/web/templates/groups_templ.go:321.32,322.18 1 0
github.com/netresearch/ldap-manager/internal/web/templates/groups_templ.go:322.18,324.35 2 0
github.com/netresearch/ldap-manager/internal/web/templates/groups_templ.go:324.35,326.7 1 0
github.com/netresearch/ldap-manager/internal/web/templates/groups_templ.go:329.4,331.33 3 0
github.com/netresearch/ldap-manager/internal/web/templates/groups_templ.go:331.33,333.5 1 0
github.com/netresearch/ldap-manager/internal/web/templates/groups_templ.go:334.4,334.33 1 0
github.com/netresearch/ldap-manager/internal/web/templates/groups_templ.go:334.33,336.34 2 0
github.com/netresearch/ldap-manager/internal/web/templates/groups_templ.go:336.34,338.6 1 0
github.com/netresearch/ldap-manager/internal/web/templates/groups_templ.go:339.5,341.34 3 0
github.com/netresearch/ldap-manager/internal/web/templates/groups_templ.go:341.34,343.6 1 0
github.com/netresearch/ldap-manager/internal/web/templates/groups_templ.go:344.5,345.34 2 0
github.com/netresearch/ldap-manager/internal/web/templates/groups_templ.go:345.34,347.6 1 0
github.com/netresearch/ldap-manager/internal/web/templates/groups_templ.go:348.5,349.34 2 0
github.com/netresearch/ldap-manager/internal/web/templates/groups_templ.go:349.34,351.6 1 0
github.com/netresearch/ldap-manager/internal/web/templates/groups_templ.go:352.5,354.34 3 0
github.com/netresearch/ldap-manager/internal/web/templates/groups_templ.go:354.34,356.6 1 0
github.com/netresearch/ldap-manager/internal/web/templates/groups_templ.go:357.5,358.34 2 0
github.com/netresearch/ldap-manager/internal/web/templates/groups_templ.go:358.34,360.6 1 0
github.com/netresearch/ldap-manager/internal/web/templates/groups_templ.go:361.5,362.34 2 0
github.com/netresearch/ldap-manager/internal/web/templates/groups_templ.go:362.34,364.6 1 0
github.com/netresearch/ldap-manager/internal/web/templates/groups_templ.go:365.5,367.34 3 0
github.com/netresearch/ldap-manager/internal/web/templates/groups_templ.go:367.34,369.6 1 0
github.com/netresearch/ldap-manager/internal/web/templates/groups_templ.go:370.5,371.34 2 0
github.com/netresearch/ldap-manager/internal/web/templates/groups_templ.go:371.34,373.6 1 0
github.com/netresearch/ldap-manager/internal/web/templates/groups_templ.go:374.5,375.34 2 0
github.com/netresearch/ldap-manager/internal/web/templates/groups_templ.go:375.34,377.6 1 0
github.com/netresearch/ldap-manager/internal/web/templates/groups_templ.go:378.5,379.34 2 0
github.com/netresearch/ldap-manager/internal/web/templates/groups_templ.go:379.34,381.6 1 0
github.com/netresearch/ldap-manager/internal/web/templates/groups_templ.go:382.5,383.34 2 0
github.com/netresearch/ldap-manager/internal/web/templates/groups_templ.go:383.34,385.6 1 0
github.com/netresearch/ldap-manager/internal/web/templates/groups_templ.go:387.4,388.33 2 0
github.com/netresearch/ldap-manager/internal/web/templates/groups_templ.go:388.33,390.5 1 0
github.com/netresearch/ldap-manager/internal/web/templates/groups_templ.go:391.4,391.14 1 0
github.com/netresearch/ldap-manager/internal/web/templates/groups_templ.go:393.3,394.32 2 0
github.com/netresearch/ldap-manager/internal/web/templates/groups_templ.go:394.32,396.4 1 0
github.com/netresearch/ldap-manager/internal/web/templates/groups_templ.go:397.3,397.13 1 0
github.com/netresearch/ldap-manager/internal/web/templates/groups_templ.go:401.47,403.2 1 0
github.com/netresearch/ldap-manager/internal/web/templates/icons_templ.go:13.33,14.131 1 0
github.com/netresearch/ldap-manager/internal/web/templates/icons_templ.go:14.131,16.71 2 0
github.com/netresearch/ldap-manager/internal/web/templates/icons_templ.go:16.71,18.4 1 0
github.com/netresearch/ldap-manager/internal/web/templates/icons_templ.go:19.3,20.31 2 0
github.com/netresearch/ldap-manager/internal/web/templates/icons_templ.go:20.31,21.17 1 0
github.com/netresearch/ldap-manager/internal/web/templates/icons_templ.go:21.17,23.34 2 0
github.com/netresearch/ldap-manager/internal/web/templates/icons_templ.go:23.34,25.6 1 0
github.com/netresearch/ldap-manager/internal/web/templates/icons_templ.go:28.3,30.33 3 0
github.com/netresearch/ldap-manager/internal/web/templates/icons_templ.go:30.33,32.4 1 0
github.com/netresearch/ldap-manager/internal/web/templates/icons_templ.go:33.3,35.32 3 0
github.com/netresearch/ldap-manager/internal/web/templates/icons_templ.go:35.32,37.4 1 0
github.com/netresearch/ldap-manager/internal/web/templates/icons_templ.go:38.3,38.13 1 0
github.com/netresearch/ldap-manager/internal/web/templates/icons_templ.go:42.34,43.131 1 0
github.com/netresearch/ldap-manager/internal/web/templates/icons_templ.go:43.131,45.71 2 0
github.com/netresearch/ldap-manager/internal/web/templates/icons_templ.go:45.71,47.4 1 0
github.com/netresearch/ldap-manager/internal/web/templates/icons_templ.go:48.3,49.31 2 0
github.com/netresearch/ldap-manager/internal/web/templates/icons_templ.go:49.31,50.17 1 0
github.com/netresearch/ldap-manager/internal/web/templates/icons_templ.go:50.17,52.34 2 0
github.com/netresearch/ldap-manager/internal/web/templates/icons_templ.go:52.34,54.6 1 0
github.com/netresearch/ldap-manager/internal/web/templates/icons_templ.go:57.3,59.33 3 0
github.com/netresearch/ldap-manager/internal/web/templates/icons_templ.go:59.33,61.4 1 0
github.com/netresearch/ldap-manager/internal/web/templates/icons_templ.go:62.3,64.32 3 0
github.com/netresearch/ldap-manager/internal/web/templates/icons_templ.go:64.32,66.4 1 0
github.com/netresearch/ldap-manager/internal/web/templates/icons_templ.go:67.3,67.13 1 0
github.com/netresearch/ldap-manager/internal/web/templates/icons_templ.go:71.34,72.131 1 0
github.com/netresearch/ldap-manager/internal/web/templates/icons_templ.go:72.131,74.71 2 0
github.com/netresearch/ldap-manager/internal/web/templates/icons_templ.go:74.71,76.4 1 0
github.com/netresearch/ldap-manager/internal/web/templates/icons_templ.go:77.3,78.31 2 0
github.com/netresearch/ldap-manager/internal/web/templates/icons_templ.go:78.31,79.17 1 0
github.com/netresearch/ldap-manager/internal/web/templates/icons_templ.go:79.17,81.34 2 0
github.com/netresearch/ldap-manager/internal/web/templates/icons_templ.go:81.34,83.6 1 0
github.com/netresearch/ldap-manager/internal/web/templates/icons_templ.go:86.3,88.33 3 0
github.com/netresearch/ldap-manager/internal/web/templates/icons_templ.go:88.33,90.4 1 0
github.com/netresearch/ldap-manager/internal/web/templates/icons_templ.go:91.3,93.32 3 0
github.com/netresearch/ldap-manager/internal/web/templates/icons_templ.go:93.32,95.4 1 0
github.com/netresearch/ldap-manager/internal/web/templates/icons_templ.go:96.3,96.13 1 0
github.com/netresearch/ldap-manager/internal/web/templates/icons_templ.go:100.35,101.131 1 0
github.com/netresearch/ldap-manager/internal/web/templates/icons_templ.go:101.131,103.71 2 0
github.com/netresearch/ldap-manager/internal/web/templates/icons_templ.go:103.71,105.4 1 0
github.com/netresearch/ldap-manager/internal/web/templates/icons_templ.go:106.3,107.31 2 0
github.com/netresearch/ldap-manager/internal/web/templates/icons_templ.go:107.31,108.17 1 0
github.com/netresearch/ldap-manager/internal/web/templates/icons_templ.go:108.17,110.34 2 0
github.com/netresearch/ldap-manager/internal/web/templates/icons_templ.go:110.34,112.6 1 0
github.com/netresearch/ldap-manager/internal/web/templates/icons_templ.go:115.3,117.33 3 0
github.com/netresearch/ldap-manager/internal/web/templates/icons_templ.go:117.33,119.4 1 0
github.com/netresearch/ldap-manager/internal/web/templates/icons_templ.go:120.3,122.32 3 0
github.com/netresearch/ldap-manager/internal/web/templates/icons_templ.go:122.32,124.4 1 0
github.com/netresearch/ldap-manager/internal/web/templates/icons_templ.go:125.3,125.13 1 0
github.com/netresearch/ldap-manager/internal/web/templates/icons_templ.go:129.35,130.131 1 0
github.com/netresearch/ldap-manager/internal/web/templates/icons_templ.go:130.131,132.71 2 0
github.com/netresearch/ldap-manager/internal/web/templates/icons_templ.go:132.71,134.4 1 0
github.com/netresearch/ldap-manager/internal/web/templates/icons_templ.go:135.3,136.31 2 0
github.com/netresearch/ldap-manager/internal/web/templates/icons_templ.go:136.31,137.17 1 0
github.com/netresearch/ldap-manager/internal/web/templates/icons_templ.go:137.17,139.34 2 0
github.com/netresearch/ldap-manager/internal/web/templates/icons_templ.go:139.34,141.6 1 0
github.com/netresearch/ldap-manager/internal/web/templates/icons_templ.go:144.3,146.33 3 0
github.com/netresearch/ldap-manager/internal/web/templates/icons_templ.go:146.33,148.4 1 0
github.com/netresearch/ldap-manager/internal/web/templates/icons_templ.go:149.3,151.32 3 0
github.com/netresearch/ldap-manager/internal/web/templates/icons_templ.go:151.32,153.4 1 0
github.com/netresearch/ldap-manager/internal/web/templates/icons_templ.go:154.3,154.13 1 0
github.com/netresearch/ldap-manager/internal/web/templates/icons_templ.go:158.48,159.131 1 0
github.com/netresearch/ldap-manager/internal/web/templates/icons_templ.go:159.131,161.71 2 0
github.com/netresearch/ldap-manager/internal/web/templates/icons_templ.go:161.71,163.4 1 0
github.com/netresearch/ldap-manager/internal/web/templates/icons_templ.go:164.3,165.31 2 0
github.com/netresearch/ldap-manager/internal/web/templates/icons_templ.go:165.31,166.17 1 0
github.com/netresearch/ldap-manager/internal/web/templates/icons_templ.go:166.17,168.34 2 0
github.com/netresearch/ldap-manager/internal/web/templates/icons_templ.go:168.34,170.6 1 0
github.com/netresearch/ldap-manager/internal/web/templates/icons_templ.go:173.3,175.33 3 0
github.com/netresearch/ldap-manager/internal/web/templates/icons_templ.go:175.33,177.4 1 0
github.com/netresearch/ldap-manager/internal/web/templates/icons_templ.go:178.3,181.32 4 0
github.com/netresearch/ldap-manager/internal/web/templates/icons_templ.go:181.32,183.4 1 0
github.com/netresearch/ldap-manager/internal/web/templates/icons_templ.go:184.3,185.32 2 0
github.com/netresearch/ldap-manager/internal/web/templates/icons_templ.go:185.32,187.4 1 0
github.com/netresearch/ldap-manager/internal/web/templates/icons_templ.go:188.3,190.32 3 0
github.com/netresearch/ldap-manager/internal/web/templates/icons_templ.go:190.32,192.4 1 0
github.com/netresearch/ldap-manager/internal/web/templates/icons_templ.go:193.3,194.32 2 0
github.com/netresearch/ldap-manager/internal/web/templates/icons_templ.go:194.32,196.4 1 0
github.com/netresearch/ldap-manager/internal/web/templates/icons_templ.go:197.3,198.32 2 0
github.com/netresearch/ldap-manager/internal/web/templates/icons_templ.go:198.32,200.4 1 0
github.com/netresearch/ldap-manager/internal/web/templates/icons_templ.go:201.3,201.13 1 0
github.com/netresearch/ldap-manager/internal/web/templates/icons_templ.go:205.52,206.131 1 0
github.com/netresearch/ldap-manager/internal/web/templates/icons_templ.go:206.131,208.71 2 0
github.com/netresearch/ldap-manager/internal/web/templates/icons_templ.go:208.71,210.4 1 0
github.com/netresearch/ldap-manager/internal/web/templates/icons_templ.go:211.3,212.31 2 0
github.com/netresearch/ldap-manager/internal/web/templates/icons_templ.go:212.31,213.17 1 0
github.com/netresearch/ldap-manager/internal/web/templates/icons_templ.go:213.17,215.34 2 0
github.com/netresearch/ldap-manager/internal/web/templates/icons_templ.go:215.34,217.6 1 0
github.com/netresearch/ldap-manager/internal/web/templates/icons_templ.go:220.3,222.33 3 0
github.com/netresearch/ldap-manager/internal/web/templates/icons_templ.go:222.33,224.4 1 0
github.com/netresearch/ldap-manager/internal/web/templates/icons_templ.go:225.3,228.32 4 0
github.com/netresearch/ldap-manager/internal/web/templates/icons_templ.go:228.32,230.4 1 0
github.com/netresearch/ldap-manager/internal/web/templates/icons_templ.go:231.3,232.32 2 0
github.com/netresearch/ldap-manager/internal/web/templates/icons_templ.go:232.32,234.4 1 0
github.com/netresearch/ldap-manager/internal/web/templates/icons_templ.go:235.3,237.32 3 0
github.com/netresearch/ldap-manager/internal/web/templates/icons_templ.go:237.32,239.4 1 0
github.com/netresearch/ldap-manager/internal/web/templates/icons_templ.go:240.3,241.32 2 0
github.com/netresearch/ldap-manager/internal/web/templates/icons_templ.go:241.32,243.4 1 0
github.com/netresearch/ldap-manager/internal/web/templates/icons_templ.go:244.3,245.32 2 0
github.com/netresearch/ldap-manager/internal/web/templates/icons_templ.go:245.32,247.4 1 0
github.com/netresearch/ldap-manager/internal/web/templates/icons_templ.go:248.3,248.13 1 0
github.com/netresearch/ldap-manager/internal/web/templates/icons_templ.go:252.33,253.131 1 0
github.com/netresearch/ldap-manager/internal/web/templates/icons_templ.go:253.131,255.71 2 0
github.com/netresearch/ldap-manager/internal/web/templates/icons_templ.go:255.71,257.4 1 0
github.com/netresearch/ldap-manager/internal/web/templates/icons_templ.go:258.3,259.31 2 0
github.com/netresearch/ldap-manager/internal/web/templates/icons_templ.go:259.31,260.17 1 0
github.com/netresearch/ldap-manager/internal/web/templates/icons_templ.go:260.17,262.34 2 0
github.com/netresearch/ldap-manager/internal/web/templates/icons_templ.go:262.34,264.6 1 0
github.com/netresearch/ldap-manager/internal/web/templates/icons_templ.go:267.3,269.34 3 0
github.com/netresearch/ldap-manager/internal/web/templates/icons_templ.go:269.34,271.4 1 0
github.com/netresearch/ldap-manager/internal/web/templates/icons_templ.go:272.3,274.32 3 0
github.com/netresearch/ldap-manager/internal/web/templates/icons_templ.go:274.32,276.4 1 0
github.com/netresearch/ldap-manager/internal/web/templates/icons_templ.go:277.3,277.13 1 0
github.com/netresearch/ldap-manager/internal/web/templates/icons_templ.go:281.39,282.131 1 0
github.com/netresearch/ldap-manager/internal/web/templates/icons_templ.go:282.131,284.71 2 0
github.com/netresearch/ldap-manager/internal/web/templates/icons_templ.go:284.71,286.4 1 0
github.com/netresearch/ldap-manager/internal/web/templates/icons_templ.go:287.3,288.31 2 0
github.com/netresearch/ldap-manager/internal/web/templates/icons_templ.go:288.31,289.17 1 0
github.com/netresearch/ldap-manager/internal/web/templates/icons_templ.go:289.17,291.34 2 0
github.com/netresearch/ldap-manager/internal/web/templates/icons_templ.go:291.34,293.6 1 0
github.com/netresearch/ldap-manager/internal/web/templates/icons_templ.go:296.3,298.34 3 0
github.com/netresearch/ldap-manager/internal/web/templates/icons_templ.go:298.34,300.4 1 0
github.com/netresearch/ldap-manager/internal/web/templates/icons_templ.go:301.3,303.32 3 0
github.com/netresearch/ldap-manager/internal/web/templates/icons_templ.go:303.32,305.4 1 0
github.com/netresearch/ldap-manager/internal/web/templates/icons_templ.go:306.3,306.13 1 0
github.com/netresearch/ldap-manager/internal/web/templates/icons_templ.go:310.30,311.131 1 0
github.com/netresearch/ldap-manager/internal/web/templates/icons_templ.go:311.131,313.71 2 0
github.com/netresearch/ldap-manager/internal/web/templates/icons_templ.go:313.71,315.4 1 0
github.com/netresearch/ldap-manager/internal/web/templates/icons_templ.go:316.3,317.31 2 0
github.com/netresearch/ldap-manager/internal/web/templates/icons_templ.go:317.31,318.17 1 0
github.com/netresearch/ldap-manager/internal/web/templates/icons_templ.go:318.17,320.34 2 0
github.com/netresearch/ldap-manager/internal/web/templates/icons_templ.go:320.34,322.6 1 0
github.com/netresearch/ldap-manager/internal/web/templates/icons_templ.go:325.3,327.34 3 0
github.com/netresearch/ldap-manager/internal/web/templates/icons_templ.go:327.34,329.4 1 0
github.com/netresearch/ldap-manager/internal/web/templates/icons_templ.go:330.3,332.32 3 0
github.com/netresearch/ldap-manager/internal/web/templates/icons_templ.go:332.32,334.4 1 0
github.com/netresearch/ldap-manager/internal/web/templates/icons_templ.go:335.3,335.13 1 0
github.com/netresearch/ldap-manager/internal/web/templates/index_templ.go:14.45,15.131 1 0
github.com/netresearch/ldap-manager/internal/web/templates/index_templ.go:15.131,17.71 2 0
github.com/netresearch/ldap-manager/internal/web/templates/index_templ.go:17.71,19.4 1 0
github.com/netresearch/ldap-manager/internal/web/templates/index_templ.go:20.3,21.31 2 0
github.com/netresearch/ldap-manager/internal/web/templates/index_templ.go:21.31,22.17 1 0
github.com/netresearch/ldap-manager/internal/web/templates/index_templ.go:22.17,24.34 2 0
github.com/netresearch/ldap-manager/internal/web/templates/index_templ.go:24.34,26.6 1 0
github.com/netresearch/ldap-manager/internal/web/templates/index_templ.go:29.3,31.33 3 0
github.com/netresearch/ldap-manager/internal/web/templates/index_templ.go:31.33,33.4 1 0
github.com/netresearch/ldap-manager/internal/web/templates/index_templ.go:34.3,35.148 2 0
github.com/netresearch/ldap-manager/internal/web/templates/index_templ.go:35.148,38.32 3 0
github.com/netresearch/ldap-manager/internal/web/templates/index_templ.go:38.32,39.18 1 0
github.com/netresearch/ldap-manager/internal/web/templates/index_templ.go:39.18,41.35 2 0
github.com/netresearch/ldap-manager/internal/web/templates/index_templ.go:41.35,43.7 1 0
github.com/netresearch/ldap-manager/internal/web/templates/index_templ.go:46.4,48.33 3 0
github.com/netresearch/ldap-manager/internal/web/templates/index_templ.go:48.33,50.5 1 0
github.com/netresearch/ldap-manager/internal/web/templates/index_templ.go:51.4,53.33 3 0
github.com/netresearch/ldap-manager/internal/web/templates/index_templ.go:53.33,55.5 1 0
github.com/netresearch/ldap-manager/internal/web/templates/index_templ.go:56.4,57.33 2 0
github.com/netresearch/ldap-manager/internal/web/templates/index_templ.go:57.33,59.5 1 0
github.com/netresearch/ldap-manager/internal/web/templates/index_templ.go:60.4,61.33 2 0
github.com/netresearch/ldap-manager/internal/web/templates/index_templ.go:61.33,63.5 1 0
github.com/netresearch/ldap-manager/internal/web/templates/index_templ.go:64.4,65.33 2 0
github.com/netresearch/ldap-manager/internal/web/templates/index_templ.go:65.33,67.5 1 0
github.com/netresearch/ldap-manager/internal/web/templates/index_templ.go:68.4,69.33 2 0
github.com/netresearch/ldap-manager/internal/web/templates/index_templ.go:69.33,71.5 1 0
github.com/netresearch/ldap-manager/internal/web/templates/index_templ.go:72.4,73.33 2 0
github.com/netresearch/ldap-manager/internal/web/templates/index_templ.go:73.33,75.5 1 0
github.com/netresearch/ldap-manager/internal/web/templates/index_templ.go:76.4,77.33 2 0
github.com/netresearch/ldap-manager/internal/web/templates/index_templ.go:77.33,79.5 1 0
github.com/netresearch/ldap-manager/internal/web/templates/index_templ.go:80.4,81.33 2 0
github.com/netresearch/ldap-manager/internal/web/templates/index_templ.go:81.33,83.5 1 0
github.com/netresearch/ldap-manager/internal/web/templates/index_templ.go:84.4,85.33 2 0
github.com/netresearch/ldap-manager/internal/web/templates/index_templ.go:85.33,87.5 1 0
github.com/netresearch/ldap-manager/internal/web/templates/index_templ.go:88.4,88.14 1 0
github.com/netresearch/ldap-manager/internal/web/templates/index_templ.go:90.3,91.32 2 0
github.com/netresearch/ldap-manager/internal/web/templates/index_templ.go:91.32,93.4 1 0
github.com/netresearch/ldap-manager/internal/web/templates/index_templ.go:94.3,94.13 1 0
github.com/netresearch/ldap-manager/internal/web/templates/index_templ.go:98.43,99.131 1 0
github.com/netresearch/ldap-manager/internal/web/templates/index_templ.go:99.131,101.71 2 0
github.com/netresearch/ldap-manager/internal/web/templates/index_templ.go:101.71,103.4 1 0
github.com/netresearch/ldap-manager/internal/web/templates/index_templ.go:104.3,105.31 2 0
github.com/netresearch/ldap-manager/internal/web/templates/index_templ.go:105.31,106.17 1 0
github.com/netresearch/ldap-manager/internal/web/templates/index_templ.go:106.17,108.34 2 0
github.com/netresearch/ldap-manager/internal/web/templates/index_templ.go:108.34,110.6 1 0
github.com/netresearch/ldap-manager/internal/web/templates/index_templ.go:113.3,115.33 3 0
github.com/netresearch/ldap-manager/internal/web/templates/index_templ.go:115.33,117.4 1 0
github.com/netresearch/ldap-manager/internal/web/templates/index_templ.go:118.3,120.32 3 0
github.com/netresearch/ldap-manager/internal/web/templates/index_templ.go:120.32,122.4 1 0
github.com/netresearch/ldap-manager/internal/web/templates/index_templ.go:123.3,125.32 3 0
github.com/netresearch/ldap-manager/internal/web/templates/index_templ.go:125.32,127.4 1 0
github.com/netresearch/ldap-manager/internal/web/templates/index_templ.go:128.3,129.32 2 0
github.com/netresearch/ldap-manager/internal/web/templates/index_templ.go:129.32,131.4 1 0
github.com/netresearch/ldap-manager/internal/web/templates/index_templ.go:132.3,133.32 2 0
github.com/netresearch/ldap-manager/internal/web/templates/index_templ.go:133.32,135.4 1 0
github.com/netresearch/ldap-manager/internal/web/templates/index_templ.go:136.3,136.13 1 0
github.com/netresearch/ldap-manager/internal/web/templates/list_templ.go:13.45,14.131 1 0
github.com/netresearch/ldap-manager/internal/web/templates/list_templ.go:14.131,16.71 2 0
github.com/netresearch/ldap-manager/internal/web/templates/list_templ.go:16.71,18.4 1 0
github.com/netresearch/ldap-manager/internal/web/templates/list_templ.go:19.3,20.31 2 0
github.com/netresearch/ldap-manager/internal/web/templates/list_templ.go:20.31,21.17 1 0
github.com/netresearch/ldap-manager/internal/web/templates/list_templ.go:21.17,23.34 2 0
github.com/netresearch/ldap-manager/internal/web/templates/list_templ.go:23.34,25.6 1 0
github.com/netresearch/ldap-manager/internal/web/templates/list_templ.go:28.3,30.33 3 0
github.com/netresearch/ldap-manager/internal/web/templates/list_templ.go:30.33,32.4 1 0
github.com/netresearch/ldap-manager/internal/web/templates/list_templ.go:33.3,35.32 3 0
github.com/netresearch/ldap-manager/internal/web/templates/list_templ.go:35.32,37.4 1 0
github.com/netresearch/ldap-manager/internal/web/templates/list_templ.go:38.3,38.26 1 0
github.com/netresearch/ldap-manager/internal/web/templates/list_templ.go:38.26,40.33 2 0
github.com/netresearch/ldap-manager/internal/web/templates/list_templ.go:40.33,42.5 1 0
github.com/netresearch/ldap-manager/internal/web/templates/list_templ.go:43.4,45.33 3 0
github.com/netresearch/ldap-manager/internal/web/templates/list_templ.go:45.33,47.5 1 0
github.com/netresearch/ldap-manager/internal/web/templates/list_templ.go:48.4,49.33 2 0
github.com/netresearch/ldap-manager/internal/web/templates/list_templ.go:49.33,51.5 1 0
github.com/netresearch/ldap-manager/internal/web/templates/list_templ.go:52.4,53.33 2 0
github.com/netresearch/ldap-manager/internal/web/templates/list_templ.go:53.33,55.5 1 0
github.com/netresearch/ldap-manager/internal/web/templates/list_templ.go:56.4,58.33 3 0
github.com/netresearch/ldap-manager/internal/web/templates/list_templ.go:58.33,60.5 1 0
github.com/netresearch/ldap-manager/internal/web/templates/list_templ.go:61.4,62.33 2 0
github.com/netresearch/ldap-manager/internal/web/templates/list_templ.go:62.33,64.5 1 0
github.com/netresearch/ldap-manager/internal/web/templates/list_templ.go:65.4,66.33 2 0
github.com/netresearch/ldap-manager/internal/web/templates/list_templ.go:66.33,68.5 1 0
github.com/netresearch/ldap-manager/internal/web/templates/list_templ.go:69.4,71.33 3 0
github.com/netresearch/ldap-manager/internal/web/templates/list_templ.go:71.33,73.5 1 0
github.com/netresearch/ldap-manager/internal/web/templates/list_templ.go:74.4,75.33 2 0
github.com/netresearch/ldap-manager/internal/web/templates/list_templ.go:75.33,77.5 1 0
github.com/netresearch/ldap-manager/internal/web/templates/list_templ.go:78.4,79.33 2 0
github.com/netresearch/ldap-manager/internal/web/templates/list_templ.go:79.33,81.5 1 0
github.com/netresearch/ldap-manager/internal/web/templates/list_templ.go:82.4,82.20 1 0
github.com/netresearch/ldap-manager/internal/web/templates/list_templ.go:82.20,84.34 2 0
github.com/netresearch/ldap-manager/internal/web/templates/list_templ.go:84.34,86.6 1 0
github.com/netresearch/ldap-manager/internal/web/templates/list_templ.go:88.4,89.33 2 0
github.com/netresearch/ldap-manager/internal/web/templates/list_templ.go:89.33,91.5 1 0
github.com/netresearch/ldap-manager/internal/web/templates/list_templ.go:92.4,93.33 2 0
github.com/netresearch/ldap-manager/internal/web/templates/list_templ.go:93.33,95.5 1 0
github.com/netresearch/ldap-manager/internal/web/templates/list_templ.go:97.3,98.32 2 0
github.com/netresearch/ldap-manager/internal/web/templates/list_templ.go:98.32,100.4 1 0
github.com/netresearch/ldap-manager/internal/web/templates/list_templ.go:101.3,101.13 1 0
github.com/netresearch/ldap-manager/internal/web/templates/list_templ.go:112.62,114.25 2 0
github.com/netresearch/ldap-manager/internal/web/templates/list_templ.go:114.25,116.3 1 0
github.com/netresearch/ldap-manager/internal/web/templates/list_templ.go:117.2,117.15 1 0
github.com/netresearch/ldap-manager/internal/web/templates/logged_in_templ.go:17.55,18.24 1 0
github.com/netresearch/ldap-manager/internal/web/templates/logged_in_templ.go:18.24,20.3 1 0
github.com/netresearch/ldap-manager/internal/web/templates/logged_in_templ.go:22.2,22.46 1 0
github.com/netresearch/ldap-manager/internal/web/templates/logged_in_templ.go:25.71,26.131 1 0
github.com/netresearch/ldap-manager/internal/web/templates/logged_in_templ.go:26.131,28.71 2 0
github.com/netresearch/ldap-manager/internal/web/templates/logged_in_templ.go:28.71,30.4 1 0
github.com/netresearch/ldap-manager/internal/web/templates/logged_in_templ.go:31.3,32.31 2 0
github.com/netresearch/ldap-manager/internal/web/templates/logged_in_templ.go:32.31,33.17 1 0
github.com/netresearch/ldap-manager/internal/web/templates/logged_in_templ.go:33.17,35.34 2 0
github.com/netresearch/ldap-manager/internal/web/templates/logged_in_templ.go:35.34,37.6 1 0
github.com/netresearch/ldap-manager/internal/web/templates/logged_in_templ.go:40.3,42.33 3 0
github.com/netresearch/ldap-manager/internal/web/templates/logged_in_templ.go:42.33,44.4 1 0
github.com/netresearch/ldap-manager/internal/web/templates/logged_in_templ.go:45.3,46.148 2 0
github.com/netresearch/ldap-manager/internal/web/templates/logged_in_templ.go:46.148,49.32 3 0
github.com/netresearch/ldap-manager/internal/web/templates/logged_in_templ.go:49.32,50.18 1 0
github.com/netresearch/ldap-manager/internal/web/templates/logged_in_templ.go:50.18,52.35 2 0
github.com/netresearch/ldap-manager/internal/web/templates/logged_in_templ.go:52.35,54.7 1 0
github.com/netresearch/ldap-manager/internal/web/templates/logged_in_templ.go:57.4,59.33 3 0
github.com/netresearch/ldap-manager/internal/web/templates/logged_in_templ.go:59.33,61.5 1 0
github.com/netresearch/ldap-manager/internal/web/templates/logged_in_templ.go:62.4,64.33 3 0
github.com/netresearch/ldap-manager/internal/web/templates/logged_in_templ.go:64.33,66.5 1 0
github.com/netresearch/ldap-manager/internal/web/templates/logged_in_templ.go:67.4,68.33 2 0
github.com/netresearch/ldap-manager/internal/web/templates/logged_in_templ.go:68.33,70.5 1 0
github.com/netresearch/ldap-manager/internal/web/templates/logged_in_templ.go:71.4,73.33 3 0
github.com/netresearch/ldap-manager/internal/web/templates/logged_in_templ.go:73.33,75.5 1 0
github.com/netresearch/ldap-manager/internal/web/templates/logged_in_templ.go:76.4,77.33 2 0
github.com/netresearch/ldap-manager/internal/web/templates/logged_in_templ.go:77.33,79.5 1 0
github.com/netresearch/ldap-manager/internal/web/templates/logged_in_templ.go:80.4,81.33 2 0
github.com/netresearch/ldap-manager/internal/web/templates/logged_in_templ.go:81.33,83.5 1 0
github.com/netresearch/ldap-manager/internal/web/templates/logged_in_templ.go:84.4,85.33 2 0
github.com/netresearch/ldap-manager/internal/web/templates/logged_in_templ.go:85.33,87.5 1 0
github.com/netresearch/ldap-manager/internal/web/templates/logged_in_templ.go:88.4,89.33 2 0
github.com/netresearch/ldap-manager/internal/web/templates/logged_in_templ.go:89.33,91.5 1 0
github.com/netresearch/ldap-manager/internal/web/templates/logged_in_templ.go:92.4,94.33 3 0
github.com/netresearch/ldap-manager/internal/web/templates/logged_in_templ.go:94.33,96.5 1 0
github.com/netresearch/ldap-manager/internal/web/templates/logged_in_templ.go:97.4,98.33 2 0
github.com/netresearch/ldap-manager/internal/web/templates/logged_in_templ.go:98.33,100.5 1 0
github.com/netresearch/ldap-manager/internal/web/templates/logged_in_templ.go:101.4,103.33 3 0
github.com/netresearch/ldap-manager/internal/web/templates/logged_in_templ.go:103.33,105.5 1 0
github.com/netresearch/ldap-manager/internal/web/templates/logged_in_templ.go:106.4,107.33 2 0
github.com/netresearch/ldap-manager/internal/web/templates/logged_in_templ.go:107.33,109.5 1 0
github.com/netresearch/ldap-manager/internal/web/templates/logged_in_templ.go:110.4,111.33 2 0
github.com/netresearch/ldap-manager/internal/web/templates/logged_in_templ.go:111.33,113.5 1 0
github.com/netresearch/ldap-manager/internal/web/templates/logged_in_templ.go:114.4,115.33 2 0
github.com/netresearch/ldap-manager/internal/web/templates/logged_in_templ.go:115.33,117.5 1 0
github.com/netresearch/ldap-manager/internal/web/templates/logged_in_templ.go:118.4,119.33 2 0
github.com/netresearch/ldap-manager/internal/web/templates/logged_in_templ.go:119.33,121.5 1 0
github.com/netresearch/ldap-manager/internal/web/templates/logged_in_templ.go:122.4,124.33 3 0
github.com/netresearch/ldap-manager/internal/web/templates/logged_in_templ.go:124.33,126.5 1 0
github.com/netresearch/ldap-manager/internal/web/templates/logged_in_templ.go:127.4,128.33 2 0
github.com/netresearch/ldap-manager/internal/web/templates/logged_in_templ.go:128.33,130.5 1 0
github.com/netresearch/ldap-manager/internal/web/templates/logged_in_templ.go:131.4,133.33 3 0
github.com/netresearch/ldap-manager/internal/web/templates/logged_in_templ.go:133.33,135.5 1 0
github.com/netresearch/ldap-manager/internal/web/templates/logged_in_templ.go:136.4,137.33 2 0
github.com/netresearch/ldap-manager/internal/web/templates/logged_in_templ.go:137.33,139.5 1 0
github.com/netresearch/ldap-manager/internal/web/templates/logged_in_templ.go:140.4,141.33 2 0
github.com/netresearch/ldap-manager/internal/web/templates/logged_in_templ.go:141.33,143.5 1 0
github.com/netresearch/ldap-manager/internal/web/templates/logged_in_templ.go:144.4,145.33 2 0
github.com/netresearch/ldap-manager/internal/web/templates/logged_in_templ.go:145.33,147.5 1 0
github.com/netresearch/ldap-manager/internal/web/templates/logged_in_templ.go:148.4,149.33 2 0
github.com/netresearch/ldap-manager/internal/web/templates/logged_in_templ.go:149.33,151.5 1 0
github.com/netresearch/ldap-manager/internal/web/templates/logged_in_templ.go:152.4,154.33 3 0
github.com/netresearch/ldap-manager/internal/web/templates/logged_in_templ.go:154.33,156.5 1 0
github.com/netresearch/ldap-manager/internal/web/templates/logged_in_templ.go:157.4,158.33 2 0
github.com/netresearch/ldap-manager/internal/web/templates/logged_in_templ.go:158.33,160.5 1 0
github.com/netresearch/ldap-manager/internal/web/templates/logged_in_templ.go:161.4,163.33 3 0
github.com/netresearch/ldap-manager/internal/web/templates/logged_in_templ.go:163.33,165.5 1 0
github.com/netresearch/ldap-manager/internal/web/templates/logged_in_templ.go:166.4,167.33 2 0
github.com/netresearch/ldap-manager/internal/web/templates/logged_in_templ.go:167.33,169.5 1 0
github.com/netresearch/ldap-manager/internal/web/templates/logged_in_templ.go:170.4,171.33 2 0
github.com/netresearch/ldap-manager/internal/web/templates/logged_in_templ.go:171.33,173.5 1 0
github.com/netresearch/ldap-manager/internal/web/templates/logged_in_templ.go:174.4,175.33 2 0
github.com/netresearch/ldap-manager/internal/web/templates/logged_in_templ.go:175.33,177.5 1 0
github.com/netresearch/ldap-manager/internal/web/templates/logged_in_templ.go:178.4,179.33 2 0
github.com/netresearch/ldap-manager/internal/web/templates/logged_in_templ.go:179.33,181.5 1 0
github.com/netresearch/ldap-manager/internal/web/templates/logged_in_templ.go:182.4,183.33 2 0
github.com/netresearch/ldap-manager/internal/web/templates/logged_in_templ.go:183.33,185.5 1 0
github.com/netresearch/ldap-manager/internal/web/templates/logged_in_templ.go:186.4,187.33 2 0
github.com/netresearch/ldap-manager/internal/web/templates/logged_in_templ.go:187.33,189.5 1 0
github.com/netresearch/ldap-manager/internal/web/templates/logged_in_templ.go:190.4,190.24 1 0
github.com/netresearch/ldap-manager/internal/web/templates/logged_in_templ.go:190.24,192.34 2 0
github.com/netresearch/ldap-manager/internal/web/templates/logged_in_templ.go:192.34,194.6 1 0
github.com/netresearch/ldap-manager/internal/web/templates/logged_in_templ.go:195.5,195.35 1 0
github.com/netresearch/ldap-manager/internal/web/templates/logged_in_templ.go:195.35,197.35 2 0
github.com/netresearch/ldap-manager/internal/web/templates/logged_in_templ.go:197.35,199.7 1 0
github.com/netresearch/ldap-manager/internal/web/templates/logged_in_templ.go:200.6,202.35 3 0
github.com/netresearch/ldap-manager/internal/web/templates/logged_in_templ.go:202.35,204.7 1 0
github.com/netresearch/ldap-manager/internal/web/templates/logged_in_templ.go:205.6,206.35 2 0
github.com/netresearch/ldap-manager/internal/web/templates/logged_in_templ.go:206.35,208.7 1 0
github.com/netresearch/ldap-manager/internal/web/templates/logged_in_templ.go:209.6,210.35 2 0
github.com/netresearch/ldap-manager/internal/web/templates/logged_in_templ.go:210.35,212.7 1 0
github.com/netresearch/ldap-manager/internal/web/templates/logged_in_templ.go:214.5,215.34 2 0
github.com/netresearch/ldap-manager/internal/web/templates/logged_in_templ.go:215.34,217.6 1 0
github.com/netresearch/ldap-manager/internal/web/templates/logged_in_templ.go:219.4,220.33 2 0
github.com/netresearch/ldap-manager/internal/web/templates/logged_in_templ.go:220.33,222.5 1 0
github.com/netresearch/ldap-manager/internal/web/templates/logged_in_templ.go:223.4,224.33 2 0
github.com/netresearch/ldap-manager/internal/web/templates/logged_in_templ.go:224.33,226.5 1 0
github.com/netresearch/ldap-manager/internal/web/templates/logged_in_templ.go:227.4,227.14 1 0
github.com/netresearch/ldap-manager/internal/web/templates/logged_in_templ.go:229.3,230.32 2 0
github.com/netresearch/ldap-manager/internal/web/templates/logged_in_templ.go:230.32,232.4 1 0
github.com/netresearch/ldap-manager/internal/web/templates/logged_in_templ.go:233.3,233.13 1 0
github.com/netresearch/ldap-manager/internal/web/templates/login_templ.go:13.61,14.131 1 0
github.com/netresearch/ldap-manager/internal/web/templates/login_templ.go:14.131,16.71 2 0
github.com/netresearch/ldap-manager/internal/web/templates/login_templ.go:16.71,18.4 1 0
github.com/netresearch/ldap-manager/internal/web/templates/login_templ.go:19.3,20.31 2 0
github.com/netresearch/ldap-manager/internal/web/templates/login_templ.go:20.31,21.17 1 0
github.com/netresearch/ldap-manager/internal/web/templates/login_templ.go:21.17,23.34 2 0
github.com/netresearch/ldap-manager/internal/web/templates/login_templ.go:23.34,25.6 1 0
github.com/netresearch/ldap-manager/internal/web/templates/login_templ.go:28.3,30.33 3 0
github.com/netresearch/ldap-manager/internal/web/templates/login_templ.go:30.33,32.4 1 0
github.com/netresearch/ldap-manager/internal/web/templates/login_templ.go:33.3,34.148 2 0
github.com/netresearch/ldap-manager/internal/web/templates/login_templ.go:34.148,37.32 3 0
github.com/netresearch/ldap-manager/internal/web/templates/login_templ.go:37.32,38.18 1 0
github.com/netresearch/ldap-manager/internal/web/templates/login_templ.go:38.18,40.35 2 0
github.com/netresearch/ldap-manager/internal/web/templates/login_templ.go:40.35,42.7 1 0
github.com/netresearch/ldap-manager/internal/web/templates/login_templ.go:45.4,47.33 3 0
github.com/netresearch/ldap-manager/internal/web/templates/login_templ.go:47.33,49.5 1 0
github.com/netresearch/ldap-manager/internal/web/templates/login_templ.go:50.4,50.24 1 0
github.com/netresearch/ldap-manager/internal/web/templates/login_templ.go:50.24,52.34 2 0
github.com/netresearch/ldap-manager/internal/web/templates/login_templ.go:52.34,54.6 1 0
github.com/netresearch/ldap-manager/internal/web/templates/login_templ.go:55.5,55.35 1 0
github.com/netresearch/ldap-manager/internal/web/templates/login_templ.go:55.35,57.35 2 0
github.com/netresearch/ldap-manager/internal/web/templates/login_templ.go:57.35,59.7 1 0
github.com/netresearch/ldap-manager/internal/web/templates/login_templ.go:60.6,62.35 3 0
github.com/netresearch/ldap-manager/internal/web/templates/login_templ.go:62.35,64.7 1 0
github.com/netresearch/ldap-manager/internal/web/templates/login_templ.go:65.6,66.35 2 0
github.com/netresearch/ldap-manager/internal/web/templates/login_templ.go:66.35,68.7 1 0
github.com/netresearch/ldap-manager/internal/web/templates/login_templ.go:69.6,70.35 2 0
github.com/netresearch/ldap-manager/internal/web/templates/login_templ.go:70.35,72.7 1 0
github.com/netresearch/ldap-manager/internal/web/templates/login_templ.go:74.5,75.34 2 0
github.com/netresearch/ldap-manager/internal/web/templates/login_templ.go:75.34,77.6 1 0
github.com/netresearch/ldap-manager/internal/web/templates/login_templ.go:79.4,80.33 2 0
github.com/netresearch/ldap-manager/internal/web/templates/login_templ.go:80.33,82.5 1 0
github.com/netresearch/ldap-manager/internal/web/templates/login_templ.go:83.4,85.33 3 0
github.com/netresearch/ldap-manager/internal/web/templates/login_templ.go:85.33,87.5 1 0
github.com/netresearch/ldap-manager/internal/web/templates/login_templ.go:88.4,89.33 2 0
github.com/netresearch/ldap-manager/internal/web/templates/login_templ.go:89.33,91.5 1 0
github.com/netresearch/ldap-manager/internal/web/templates/login_templ.go:92.4,93.33 2 0
github.com/netresearch/ldap-manager/internal/web/templates/login_templ.go:93.33,95.5 1 0
github.com/netresearch/ldap-manager/internal/web/templates/login_templ.go:96.4,96.14 1 0
github.com/netresearch/ldap-manager/internal/web/templates/login_templ.go:98.3,99.32 2 0
github.com/netresearch/ldap-manager/internal/web/templates/login_templ.go:99.32,101.4 1 0
github.com/netresearch/ldap-manager/internal/web/templates/login_templ.go:102.3,102.13 1 0
github.com/netresearch/ldap-manager/internal/web/templates/users_templ.go:23.27,25.2 1 0
github.com/netresearch/ldap-manager/internal/web/templates/users_templ.go:26.29,28.2 1 0
github.com/netresearch/ldap-manager/internal/web/templates/users_templ.go:29.35,31.2 1 0
github.com/netresearch/ldap-manager/internal/web/templates/users_templ.go:32.30,34.2 1 0
github.com/netresearch/ldap-manager/internal/web/templates/users_templ.go:36.53,37.53 1 0
github.com/netresearch/ldap-manager/internal/web/templates/users_templ.go:37.53,39.3 1 0
github.com/netresearch/ldap-manager/internal/web/templates/users_templ.go:42.106,43.131 1 0
github.com/netresearch/ldap-manager/internal/web/templates/users_templ.go:43.131,45.71 2 0
github.com/netresearch/ldap-manager/internal/web/templates/users_templ.go:45.71,47.4 1 0
github.com/netresearch/ldap-manager/internal/web/templates/users_templ.go:48.3,49.31 2 0
github.com/netresearch/ldap-manager/internal/web/templates/users_templ.go:49.31,50.17 1 0
github.com/netresearch/ldap-manager/internal/web/templates/users_templ.go:50.17,52.34 2 0
github.com/netresearch/ldap-manager/internal/web/templates/users_templ.go:52.34,54.6 1 0
github.com/netresearch/ldap-manager/internal/web/templates/users_templ.go:57.3,59.33 3 0
github.com/netresearch/ldap-manager/internal/web/templates/users_templ.go:59.33,61.4 1 0
github.com/netresearch/ldap-manager/internal/web/templates/users_templ.go:62.3,63.148 2 0
github.com/netresearch/ldap-manager/internal/web/templates/users_templ.go:63.148,66.32 3 0
github.com/netresearch/ldap-manager/internal/web/templates/users_templ.go:66.32,67.18 1 0
github.com/netresearch/ldap-manager/internal/web/templates/users_templ.go:67.18,69.35 2 0
github.com/netresearch/ldap-manager/internal/web/templates/users_templ.go:69.35,71.7 1 0
github.com/netresearch/ldap-manager/internal/web/templates/users_templ.go:74.4,76.33 3 0
github.com/netresearch/ldap-manager/internal/web/templates/users_templ.go:76.33,78.5 1 0
github.com/netresearch/ldap-manager/internal/web/templates/users_templ.go:79.4,81.33 3 0
github.com/netresearch/ldap-manager/internal/web/templates/users_templ.go:81.33,83.5 1 0
github.com/netresearch/ldap-manager/internal/web/templates/users_templ.go:84.4,85.33 2 0
github.com/netresearch/ldap-manager/internal/web/templates/users_templ.go:85.33,87.5 1 0
github.com/netresearch/ldap-manager/internal/web/templates/users_templ.go:88.4,89.33 2 0
github.com/netresearch/ldap-manager/internal/web/templates/users_templ.go:89.33,91.5 1 0
github.com/netresearch/ldap-manager/internal/web/templates/users_templ.go:92.4,94.33 3 0
github.com/netresearch/ldap-manager/internal/web/templates/users_templ.go:94.33,96.5 1 0
github.com/netresearch/ldap-manager/internal/web/templates/users_templ.go:97.4,98.33 2 0
github.com/netresearch/ldap-manager/internal/web/templates/users_templ.go:98.33,100.5 1 0
github.com/netresearch/ldap-manager/internal/web/templates/users_templ.go:101.4,102.33 2 0
github.com/netresearch/ldap-manager/internal/web/templates/users_templ.go:102.33,104.5 1 0
github.com/netresearch/ldap-manager/internal/web/templates/users_templ.go:105.4,107.33 3 0
github.com/netresearch/ldap-manager/internal/web/templates/users_templ.go:107.33,109.5 1 0
github.com/netresearch/ldap-manager/internal/web/templates/users_templ.go:110.4,111.33 2 0
github.com/netresearch/ldap-manager/internal/web/templates/users_templ.go:111.33,113.5 1 0
github.com/netresearch/ldap-manager/internal/web/templates/users_templ.go:114.4,115.33 2 0
github.com/netresearch/ldap-manager/internal/web/templates/users_templ.go:115.33,117.5 1 0
github.com/netresearch/ldap-manager/internal/web/templates/users_templ.go:118.4,118.21 1 0
github.com/netresearch/ldap-manager/internal/web/templates/users_templ.go:118.21,120.34 2 0
github.com/netresearch/ldap-manager/internal/web/templates/users_templ.go:120.34,122.6 1 0
github.com/netresearch/ldap-manager/internal/web/templates/users_templ.go:124.4,125.33 2 0
github.com/netresearch/ldap-manager/internal/web/templates/users_templ.go:125.33,127.5 1 0
github.com/netresearch/ldap-manager/internal/web/templates/users_templ.go:128.4,128.38 1 0
github.com/netresearch/ldap-manager/internal/web/templates/users_templ.go:128.38,130.34 2 0
github.com/netresearch/ldap-manager/internal/web/templates/users_templ.go:130.34,132.6 1 0
github.com/netresearch/ldap-manager/internal/web/templates/users_templ.go:133.5,135.34 3 0
github.com/netresearch/ldap-manager/internal/web/templates/users_templ.go:135.34,137.6 1 0
github.com/netresearch/ldap-manager/internal/web/templates/users_templ.go:138.5,139.34 2 0
github.com/netresearch/ldap-manager/internal/web/templates/users_templ.go:139.34,141.6 1 0
github.com/netresearch/ldap-manager/internal/web/templates/users_templ.go:142.5,143.34 2 0
github.com/netresearch/ldap-manager/internal/web/templates/users_templ.go:143.34,145.6 1 0
github.com/netresearch/ldap-manager/internal/web/templates/users_templ.go:146.5,148.34 3 0
github.com/netresearch/ldap-manager/internal/web/templates/users_templ.go:148.34,150.6 1 0
github.com/netresearch/ldap-manager/internal/web/templates/users_templ.go:151.5,152.34 2 0
github.com/netresearch/ldap-manager/internal/web/templates/users_templ.go:152.34,154.6 1 0
github.com/netresearch/ldap-manager/internal/web/templates/users_templ.go:155.5,156.34 2 0
github.com/netresearch/ldap-manager/internal/web/templates/users_templ.go:156.34,158.6 1 0
github.com/netresearch/ldap-manager/internal/web/templates/users_templ.go:159.5,161.34 3 0
github.com/netresearch/ldap-manager/internal/web/templates/users_templ.go:161.34,163.6 1 0
github.com/netresearch/ldap-manager/internal/web/templates/users_templ.go:164.5,165.34 2 0
github.com/netresearch/ldap-manager/internal/web/templates/users_templ.go:165.34,167.6 1 0
github.com/netresearch/ldap-manager/internal/web/templates/users_templ.go:168.5,169.34 2 0
github.com/netresearch/ldap-manager/internal/web/templates/users_templ.go:169.34,171.6 1 0
github.com/netresearch/ldap-manager/internal/web/templates/users_templ.go:172.5,173.34 2 0
github.com/netresearch/ldap-manager/internal/web/templates/users_templ.go:173.34,175.6 1 0
github.com/netresearch/ldap-manager/internal/web/templates/users_templ.go:176.5,177.34 2 0
github.com/netresearch/ldap-manager/internal/web/templates/users_templ.go:177.34,179.6 1 0
github.com/netresearch/ldap-manager/internal/web/templates/users_templ.go:180.5,182.34 3 0
github.com/netresearch/ldap-manager/internal/web/templates/users_templ.go:182.34,184.6 1 0
github.com/netresearch/ldap-manager/internal/web/templates/users_templ.go:185.5,186.34 2 0
github.com/netresearch/ldap-manager/internal/web/templates/users_templ.go:186.34,188.6 1 0
github.com/netresearch/ldap-manager/internal/web/templates/users_templ.go:189.5,190.34 2 0
github.com/netresearch/ldap-manager/internal/web/templates/users_templ.go:190.34,192.6 1 0
github.com/netresearch/ldap-manager/internal/web/templates/users_templ.go:193.5,195.34 3 0
github.com/netresearch/ldap-manager/internal/web/templates/users_templ.go:195.34,197.6 1 0
github.com/netresearch/ldap-manager/internal/web/templates/users_templ.go:198.5,199.34 2 0
github.com/netresearch/ldap-manager/internal/web/templates/users_templ.go:199.34,201.6 1 0
github.com/netresearch/ldap-manager/internal/web/templates/users_templ.go:202.5,203.34 2 0
github.com/netresearch/ldap-manager/internal/web/templates/users_templ.go:203.34,205.6 1 0
github.com/netresearch/ldap-manager/internal/web/templates/users_templ.go:206.5,207.34 2 0
github.com/netresearch/ldap-manager/internal/web/templates/users_templ.go:207.34,209.6 1 0
github.com/netresearch/ldap-manager/internal/web/templates/users_templ.go:210.5,211.34 2 0
github.com/netresearch/ldap-manager/internal/web/templates/users_templ.go:211.34,213.6 1 0
github.com/netresearch/ldap-manager/internal/web/templates/users_templ.go:215.4,216.33 2 0
github.com/netresearch/ldap-manager/internal/web/templates/users_templ.go:216.33,218.5 1 0
github.com/netresearch/ldap-manager/internal/web/templates/users_templ.go:219.4,219.29 1 0
github.com/netresearch/ldap-manager/internal/web/templates/users_templ.go:219.29,221.34 2 0
github.com/netresearch/ldap-manager/internal/web/templates/users_templ.go:221.34,223.6 1 0
github.com/netresearch/ldap-manager/internal/web/templates/users_templ.go:225.4,226.33 2 0
github.com/netresearch/ldap-manager/internal/web/templates/users_templ.go:226.33,228.5 1 0
github.com/netresearch/ldap-manager/internal/web/templates/users_templ.go:229.4,231.33 3 0
github.com/netresearch/ldap-manager/internal/web/templates/users_templ.go:231.33,233.5 1 0
github.com/netresearch/ldap-manager/internal/web/templates/users_templ.go:234.4,235.33 2 0
github.com/netresearch/ldap-manager/internal/web/templates/users_templ.go:235.33,237.5 1 0
github.com/netresearch/ldap-manager/internal/web/templates/users_templ.go:238.4,239.33 2 0
github.com/netresearch/ldap-manager/internal/web/templates/users_templ.go:239.33,241.5 1 0
github.com/netresearch/ldap-manager/internal/web/templates/users_templ.go:242.4,242.43 1 0
github.com/netresearch/ldap-manager/internal/web/templates/users_templ.go:242.43,244.34 2 0
github.com/netresearch/ldap-manager/internal/web/templates/users_templ.go:244.34,246.6 1 0
github.com/netresearch/ldap-manager/internal/web/templates/users_templ.go:247.5,249.34 3 0
github.com/netresearch/ldap-manager/internal/web/templates/users_templ.go:249.34,251.6 1 0
github.com/netresearch/ldap-manager/internal/web/templates/users_templ.go:252.5,253.34 2 0
github.com/netresearch/ldap-manager/internal/web/templates/users_templ.go:253.34,255.6 1 0
github.com/netresearch/ldap-manager/internal/web/templates/users_templ.go:256.5,257.34 2 0
github.com/netresearch/ldap-manager/internal/web/templates/users_templ.go:257.34,259.6 1 0
github.com/netresearch/ldap-manager/internal/web/templates/users_templ.go:260.5,262.34 3 0
github.com/netresearch/ldap-manager/internal/web/templates/users_templ.go:262.34,264.6 1 0
github.com/netresearch/ldap-manager/internal/web/templates/users_templ.go:265.5,266.34 2 0
github.com/netresearch/ldap-manager/internal/web/templates/users_templ.go:266.34,268.6 1 0
github.com/netresearch/ldap-manager/internal/web/templates/users_templ.go:269.5,270.34 2 0
github.com/netresearch/ldap-manager/internal/web/templates/users_templ.go:270.34,272.6 1 0
github.com/netresearch/ldap-manager/internal/web/templates/users_templ.go:274.4,275.33 2 0
github.com/netresearch/ldap-manager/internal/web/templates/users_templ.go:275.33,277.5 1 0
github.com/netresearch/ldap-manager/internal/web/templates/users_templ.go:278.4,279.33 2 0
github.com/netresearch/ldap-manager/internal/web/templates/users_templ.go:279.33,281.5 1 0
github.com/netresearch/ldap-manager/internal/web/templates/users_templ.go:282.4,283.33 2 0
github.com/netresearch/ldap-manager/internal/web/templates/users_templ.go:283.33,285.5 1 0
github.com/netresearch/ldap-manager/internal/web/templates/users_templ.go:286.4,286.14 1 0
github.com/netresearch/ldap-manager/internal/web/templates/users_templ.go:288.3,289.32 2 0
github.com/netresearch/ldap-manager/internal/web/templates/users_templ.go:289.32,291.4 1 0
github.com/netresearch/ldap-manager/internal/web/templates/users_templ.go:292.3,292.13 1 0
github.com/netresearch/ldap-manager/internal/web/templates/users_templ.go:296.83,297.131 1 0
github.com/netresearch/ldap-manager/internal/web/templates/users_templ.go:297.131,299.71 2 0
github.com/netresearch/ldap-manager/internal/web/templates/users_templ.go:299.71,301.4 1 0
github.com/netresearch/ldap-manager/internal/web/templates/users_templ.go:302.3,303.31 2 0
github.com/netresearch/ldap-manager/internal/web/templates/users_templ.go:303.31,304.17 1 0
github.com/netresearch/ldap-manager/internal/web/templates/users_templ.go:304.17,306.34 2 0
github.com/netresearch/ldap-manager/internal/web/templates/users_templ.go:306.34,308.6 1 0
github.com/netresearch/ldap-manager/internal/web/templates/users_templ.go:311.3,313.34 3 0
github.com/netresearch/ldap-manager/internal/web/templates/users_templ.go:313.34,315.4 1 0
github.com/netresearch/ldap-manager/internal/web/templates/users_templ.go:316.3,317.149 2 0
github.com/netresearch/ldap-manager/internal/web/templates/users_templ.go:317.149,320.32 3 0
github.com/netresearch/ldap-manager/internal/web/templates/users_templ.go:320.32,321.18 1 0
github.com/netresearch/ldap-manager/internal/web/templates/users_templ.go:321.18,323.35 2 0
github.com/netresearch/ldap-manager/internal/web/templates/users_templ.go:323.35,325.7 1 0
github.com/netresearch/ldap-manager/internal/web/templates/users_templ.go:328.4,330.33 3 0
github.com/netresearch/ldap-manager/internal/web/templates/users_templ.go:330.33,332.5 1 0
github.com/netresearch/ldap-manager/internal/web/templates/users_templ.go:333.4,335.33 3 0
github.com/netresearch/ldap-manager/internal/web/templates/users_templ.go:335.33,337.5 1 0
github.com/netresearch/ldap-manager/internal/web/templates/users_templ.go:338.4,339.33 2 0
github.com/netresearch/ldap-manager/internal/web/templates/users_templ.go:339.33,341.5 1 0
github.com/netresearch/ldap-manager/internal/web/templates/users_templ.go:342.4,344.33 3 0
github.com/netresearch/ldap-manager/internal/web/templates/users_templ.go:344.33,346.5 1 0
github.com/netresearch/ldap-manager/internal/web/templates/users_templ.go:347.4,348.33 2 0
github.com/netresearch/ldap-manager/internal/web/templates/users_templ.go:348.33,350.5 1 0
github.com/netresearch/ldap-manager/internal/web/templates/users_templ.go:351.4,352.33 2 0
github.com/netresearch/ldap-manager/internal/web/templates/users_templ.go:352.33,354.5 1 0
github.com/netresearch/ldap-manager/internal/web/templates/users_templ.go:355.4,357.33 3 0
github.com/netresearch/ldap-manager/internal/web/templates/users_templ.go:357.33,359.5 1 0
github.com/netresearch/ldap-manager/internal/web/templates/users_templ.go:360.4,361.33 2 0
github.com/netresearch/ldap-manager/internal/web/templates/users_templ.go:361.33,363.5 1 0
github.com/netresearch/ldap-manager/internal/web/templates/users_templ.go:364.4,365.33 2 0
[...]
github.com/netresearch/ldap-manager/internal/ldap_cache/manager.go:395.38,396.13 1 0
github.com/netresearch/ldap-manager/internal/ldap_cache/manager.go:399.4,399.46 1 0
github.com/netresearch/ldap-manager/internal/ldap_cache/manager.go:403.2,403.13 1 1
github.com/netresearch/ldap-manager/internal/ldap_cache/manager.go:409.88,415.42 2 1
github.com/netresearch/ldap-manager/internal/ldap_cache/manager.go:415.42,417.17 2 1
github.com/netresearch/ldap-manager/internal/ldap_cache/manager.go:417.17,419.4 1 0
github.com/netresearch/ldap-manager/internal/ldap_cache/manager.go:422.2,422.13 1 1
github.com/netresearch/ldap-manager/internal/ldap_cache/manager.go:428.67,429.39 1 1
github.com/netresearch/ldap-manager/internal/ldap_cache/manager.go:429.39,430.26 1 2
github.com/netresearch/ldap-manager/internal/ldap_cache/manager.go:430.26,432.4 1 2
github.com/netresearch/ldap-manager/internal/ldap_cache/manager.go:434.3,434.45 1 0
github.com/netresearch/ldap-manager/internal/ldap_cache/manager.go:437.2,437.42 1 1
github.com/netresearch/ldap-manager/internal/ldap_cache/manager.go:437.42,438.28 1 2
github.com/netresearch/ldap-manager/internal/ldap_cache/manager.go:438.28,440.4 1 2
github.com/netresearch/ldap-manager/internal/ldap_cache/manager.go:442.3,442.48 1 0
github.com/netresearch/ldap-manager/internal/ldap_cache/manager.go:449.72,450.39 1 1
github.com/netresearch/ldap-manager/internal/ldap_cache/manager.go:450.39,451.26 1 2
github.com/netresearch/ldap-manager/internal/ldap_cache/manager.go:451.26,453.4 1 2
github.com/netresearch/ldap-manager/internal/ldap_cache/manager.go:455.3,455.39 1 0
github.com/netresearch/ldap-manager/internal/ldap_cache/manager.go:455.39,456.24 1 0
github.com/netresearch/ldap-manager/internal/ldap_cache/manager.go:456.24,458.5 1 0
github.com/netresearch/ldap-manager/internal/ldap_cache/manager.go:462.2,462.42 1 1
github.com/netresearch/ldap-manager/internal/ldap_cache/manager.go:462.42,463.28 1 2
github.com/netresearch/ldap-manager/internal/ldap_cache/manager.go:463.28,465.4 1 2
github.com/netresearch/ldap-manager/internal/ldap_cache/manager.go:467.3,467.42 1 0
github.com/netresearch/ldap-manager/internal/ldap_cache/manager.go:467.42,468.24 1 0
github.com/netresearch/ldap-manager/internal/ldap_cache/manager.go:468.24,470.5 1 0
github.com/netresearch/ldap-manager/internal/ldap_cache/manager.go:477.41,479.2 1 0
github.com/netresearch/ldap-manager/internal/ldap_cache/manager.go:483.49,485.2 1 0
github.com/netresearch/ldap-manager/internal/ldap_cache/manager.go:489.36,491.2 1 0
github.com/netresearch/ldap-manager/internal/ldap_cache/metrics.go:55.28,60.2 1 21
github.com/netresearch/ldap-manager/internal/ldap_cache/metrics.go:64.36,66.2 1 1
github.com/netresearch/ldap-manager/internal/ldap_cache/metrics.go:70.37,72.2 1 7
github.com/netresearch/ldap-manager/internal/ldap_cache/metrics.go:76.50,80.2 2 1
github.com/netresearch/ldap-manager/internal/ldap_cache/metrics.go:84.104,97.2 9 2
github.com/netresearch/ldap-manager/internal/ldap_cache/metrics.go:101.40,104.2 2 0
github.com/netresearch/ldap-manager/internal/ldap_cache/metrics.go:108.40,110.23 2 2
github.com/netresearch/ldap-manager/internal/ldap_cache/metrics.go:110.23,112.3 1 1
github.com/netresearch/ldap-manager/internal/ldap_cache/metrics.go:114.2,122.9 7 1
github.com/netresearch/ldap-manager/internal/ldap_cache/metrics.go:123.22,124.28 1 1
github.com/netresearch/ldap-manager/internal/ldap_cache/metrics.go:125.22,126.29 1 0
github.com/netresearch/ldap-manager/internal/ldap_cache/metrics.go:127.10,128.30 1 0
github.com/netresearch/ldap-manager/internal/ldap_cache/metrics.go:131.2,131.54 1 1
github.com/netresearch/ldap-manager/internal/ldap_cache/metrics.go:136.45,141.16 4 0
github.com/netresearch/ldap-manager/internal/ldap_cache/metrics.go:141.16,143.3 1 0
github.com/netresearch/ldap-manager/internal/ldap_cache/metrics.go:145.2,145.45 1 0
github.com/netresearch/ldap-manager/internal/ldap_cache/metrics.go:149.45,155.2 4 0
github.com/netresearch/ldap-manager/internal/ldap_cache/metrics.go:158.49,160.2 1 0
github.com/netresearch/ldap-manager/internal/ldap_cache/metrics.go:163.58,167.2 2 0
github.com/netresearch/ldap-manager/internal/ldap_cache/metrics.go:170.70,174.2 1 0
github.com/netresearch/ldap-manager/internal/ldap_cache/metrics.go:199.50,208.27 7 0
github.com/netresearch/ldap-manager/internal/ldap_cache/metrics.go:208.27,210.3 1 0
github.com/netresearch/ldap-manager/internal/ldap_cache/metrics.go:212.2,214.22 3 0
github.com/netresearch/ldap-manager/internal/ldap_cache/metrics.go:215.21,216.24 1 0
github.com/netresearch/ldap-manager/internal/ldap_cache/metrics.go:217.22,218.25 1 0
github.com/netresearch/ldap-manager/internal/ldap_cache/metrics.go:219.23,220.26 1 0
github.com/netresearch/ldap-manager/internal/ldap_cache/metrics.go:223.2,238.3 1 0
github.com/netresearch/ldap-manager/internal/ldap_cache/test_helpers.go:28.59,30.29 2 12
github.com/netresearch/ldap-manager/internal/ldap_cache/test_helpers.go:30.29,32.3 1 1
github.com/netresearch/ldap-manager/internal/ldap_cache/test_helpers.go:34.2,34.21 1 11
github.com/netresearch/ldap-manager/internal/ldap_cache/test_helpers.go:37.61,39.30 2 11
github.com/netresearch/ldap-manager/internal/ldap_cache/test_helpers.go:39.30,41.3 1 1
github.com/netresearch/ldap-manager/internal/ldap_cache/test_helpers.go:43.2,43.22 1 10
github.com/netresearch/ldap-manager/internal/ldap_cache/test_helpers.go:46.67,48.33 2 7
github.com/netresearch/ldap-manager/internal/ldap_cache/test_helpers.go:48.33,50.3 1 1
github.com/netresearch/ldap-manager/internal/ldap_cache/test_helpers.go:52.2,52.25 1 6
github.com/netresearch/ldap-manager/internal/ldap_cache/test_helpers.go:55.90,57.2 1 0
github.com/netresearch/ldap-manager/internal/ldap_cache/test_helpers.go:59.75,61.2 1 0
github.com/netresearch/ldap-manager/internal/ldap_cache/test_helpers.go:66.92,72.2 1 22
github.com/netresearch/ldap-manager/internal/ldap_cache/test_helpers.go:77.61,81.2 1 20
github.com/netresearch/ldap-manager/internal/ldap_cache/test_helpers.go:86.100,92.2 1 6
github.com/netresearch/ldap-manager/internal/web/auth.go:12.49,14.16 2 1
github.com/netresearch/ldap-manager/internal/web/auth.go:14.16,16.3 1 0
github.com/netresearch/ldap-manager/internal/web/auth.go:18.2,18.39 1 1
github.com/netresearch/ldap-manager/internal/web/auth.go:18.39,20.3 1 0
github.com/netresearch/ldap-manager/internal/web/auth.go:22.2,22.29 1 1
github.com/netresearch/ldap-manager/internal/web/auth.go:25.48,27.16 2 1
github.com/netresearch/ldap-manager/internal/web/auth.go:27.16,29.3 1 0
github.com/netresearch/ldap-manager/internal/web/auth.go:31.2,34.38 3 1
github.com/netresearch/ldap-manager/internal/web/auth.go:34.38,36.17 2 0
github.com/netresearch/ldap-manager/internal/web/auth.go:36.17,44.4 3 0
github.com/netresearch/ldap-manager/internal/web/auth.go:46.3,47.37 2 0
github.com/netresearch/ldap-manager/internal/web/auth.go:47.37,49.4 1 0
github.com/netresearch/ldap-manager/internal/web/auth.go:51.3,51.25 1 0
github.com/netresearch/ldap-manager/internal/web/auth.go:54.2,57.46 2 1
github.com/netresearch/ldap-manager/internal/web/computers.go:12.52,16.50 3 0
github.com/netresearch/ldap-manager/internal/web/computers.go:16.50,18.3 1 0
github.com/netresearch/ldap-manager/internal/web/computers.go:20.2,22.90 2 0
github.com/netresearch/ldap-manager/internal/web/computers.go:25.51,28.16 2 0
github.com/netresearch/ldap-manager/internal/web/computers.go:28.16,30.3 1 0
github.com/netresearch/ldap-manager/internal/web/computers.go:32.2,33.16 2 0
github.com/netresearch/ldap-manager/internal/web/computers.go:33.16,35.3 1 0
github.com/netresearch/ldap-manager/internal/web/computers.go:37.2,38.56 2 0
github.com/netresearch/ldap-manager/internal/web/computers.go:38.56,40.3 1 0
github.com/netresearch/ldap-manager/internal/web/computers.go:42.2,44.88 2 0
github.com/netresearch/ldap-manager/internal/web/groups.go:14.49,17.47 2 0
github.com/netresearch/ldap-manager/internal/web/groups.go:17.47,19.3 1 0
github.com/netresearch/ldap-manager/internal/web/groups.go:21.2,23.84 2 0
github.com/netresearch/ldap-manager/internal/web/groups.go:26.48,29.16 2 0
github.com/netresearch/ldap-manager/internal/web/groups.go:29.16,31.3 1 0
github.com/netresearch/ldap-manager/internal/web/groups.go:33.2,34.16 2 0
github.com/netresearch/ldap-manager/internal/web/groups.go:34.16,36.3 1 0
github.com/netresearch/ldap-manager/internal/web/groups.go:38.2,40.54 3 0
github.com/netresearch/ldap-manager/internal/web/groups.go:40.54,42.3 1 0
github.com/netresearch/ldap-manager/internal/web/groups.go:43.2,44.56 2 0
github.com/netresearch/ldap-manager/internal/web/groups.go:44.56,46.3 1 0
github.com/netresearch/ldap-manager/internal/web/groups.go:48.2,50.120 2 0
github.com/netresearch/ldap-manager/internal/web/groups.go:59.54,62.16 2 0
github.com/netresearch/ldap-manager/internal/web/groups.go:62.16,64.3 1 0
github.com/netresearch/ldap-manager/internal/web/groups.go:66.2,67.44 2 0
github.com/netresearch/ldap-manager/internal/web/groups.go:67.44,69.3 1 0
github.com/netresearch/ldap-manager/internal/web/groups.go:71.2,71.51 1 0
github.com/netresearch/ldap-manager/internal/web/groups.go:71.51,73.3 1 0
github.com/netresearch/ldap-manager/internal/web/groups.go:76.2,76.32 1 0
github.com/netresearch/ldap-manager/internal/web/groups.go:76.32,78.3 1 0
github.com/netresearch/ldap-manager/internal/web/groups.go:80.2,81.16 2 0
github.com/netresearch/ldap-manager/internal/web/groups.go:81.16,83.3 1 0
github.com/netresearch/ldap-manager/internal/web/groups.go:84.2,85.16 2 0
github.com/netresearch/ldap-manager/internal/web/groups.go:85.16,87.3 1 0
github.com/netresearch/ldap-manager/internal/web/groups.go:90.2,90.70 1 0
github.com/netresearch/ldap-manager/internal/web/groups.go:90.70,92.3 1 0
github.com/netresearch/ldap-manager/internal/web/groups.go:95.2,95.76 1 0
github.com/netresearch/ldap-manager/internal/web/groups.go:98.80,99.57 1 0
github.com/netresearch/ldap-manager/internal/web/groups.go:99.57,100.30 1 0
github.com/netresearch/ldap-manager/internal/web/groups.go:100.30,101.23 1 0
github.com/netresearch/ldap-manager/internal/web/groups.go:101.23,103.5 1 0
github.com/netresearch/ldap-manager/internal/web/groups.go:106.3,106.14 1 0
github.com/netresearch/ldap-manager/internal/web/groups.go:111.107,113.16 2 0
github.com/netresearch/ldap-manager/internal/web/groups.go:113.16,115.3 1 0
github.com/netresearch/ldap-manager/internal/web/groups.go:117.2,119.54 3 0
github.com/netresearch/ldap-manager/internal/web/groups.go:119.54,121.3 1 0
github.com/netresearch/ldap-manager/internal/web/groups.go:122.2,123.56 2 0
github.com/netresearch/ldap-manager/internal/web/groups.go:123.56,125.3 1 0
github.com/netresearch/ldap-manager/internal/web/groups.go:127.2,127.36 1 0
github.com/netresearch/ldap-manager/internal/web/groups.go:131.82,134.16 3 0
github.com/netresearch/ldap-manager/internal/web/groups.go:134.16,136.3 1 0
github.com/netresearch/ldap-manager/internal/web/groups.go:138.2,141.54 1 0
github.com/netresearch/ldap-manager/internal/web/groups.go:145.86,148.16 3 0
github.com/netresearch/ldap-manager/internal/web/groups.go:148.16,150.3 1 0
github.com/netresearch/ldap-manager/internal/web/groups.go:152.2,155.54 1 0
github.com/netresearch/ldap-manager/internal/web/groups.go:159.99,160.25 1 0
github.com/netresearch/ldap-manager/internal/web/groups.go:160.25,161.66 1 0
github.com/netresearch/ldap-manager/internal/web/groups.go:161.66,163.4 1 0
github.com/netresearch/ldap-manager/internal/web/groups.go:164.3,164.55 1 0
github.com/netresearch/ldap-manager/internal/web/groups.go:165.8,165.35 1 0
github.com/netresearch/ldap-manager/internal/web/groups.go:165.35,166.74 1 0
github.com/netresearch/ldap-manager/internal/web/groups.go:166.74,168.4 1 0
github.com/netresearch/ldap-manager/internal/web/groups.go:169.3,169.63 1 0
github.com/netresearch/ldap-manager/internal/web/groups.go:172.2,172.12 1 0
github.com/netresearch/ldap-manager/internal/web/health.go:9.49,13.34 3 0
github.com/netresearch/ldap-manager/internal/web/health.go:14.17,15.30 1 0
github.com/netresearch/ldap-manager/internal/web/health.go:16.18,17.30 1 0
github.com/netresearch/ldap-manager/internal/web/health.go:18.19,19.46 1 0
github.com/netresearch/ldap-manager/internal/web/health.go:20.10,21.47 1 0
github.com/netresearch/ldap-manager/internal/web/health.go:24.2,26.28 2 0
github.com/netresearch/ldap-manager/internal/web/health.go:32.52,36.29 3 0
github.com/netresearch/ldap-manager/internal/web/health.go:36.29,42.3 1 0
github.com/netresearch/ldap-manager/internal/web/health.go:44.2,48.9 4 0
github.com/netresearch/ldap-manager/internal/web/health.go:49.33,50.47 1 0
github.com/netresearch/ldap-manager/internal/web/health.go:51.18,52.41 1 0
github.com/netresearch/ldap-manager/internal/web/health.go:53.19,55.24 2 0
github.com/netresearch/ldap-manager/internal/web/health.go:58.2,62.4 1 0
github.com/netresearch/ldap-manager/internal/web/health.go:67.51,72.2 1 0
github.com/netresearch/ldap-manager/internal/web/middleware.go:10.43,11.34 1 10
github.com/netresearch/ldap-manager/internal/web/middleware.go:11.34,13.17 2 2
github.com/netresearch/ldap-manager/internal/web/middleware.go:13.17,17.4 2 0
github.com/netresearch/ldap-manager/internal/web/middleware.go:20.3,20.19 1 2
github.com/netresearch/ldap-manager/internal/web/middleware.go:20.19,24.4 2 2
github.com/netresearch/ldap-manager/internal/web/middleware.go:27.3,28.26 2 0
github.com/netresearch/ldap-manager/internal/web/middleware.go:28.26,32.4 2 0
github.com/netresearch/ldap-manager/internal/web/middleware.go:35.3,42.18 3 0
github.com/netresearch/ldap-manager/internal/web/middleware.go:48.44,49.34 1 0
github.com/netresearch/ldap-manager/internal/web/middleware.go:49.34,51.17 2 0
github.com/netresearch/ldap-manager/internal/web/middleware.go:51.17,54.4 1 0
github.com/netresearch/ldap-manager/internal/web/middleware.go:57.3,57.19 1 0
github.com/netresearch/ldap-manager/internal/web/middleware.go:57.19,59.4 1 0
github.com/netresearch/ldap-manager/internal/web/middleware.go:62.3,62.64 1 0
github.com/netresearch/ldap-manager/internal/web/middleware.go:62.64,69.4 2 0
github.com/netresearch/ldap-manager/internal/web/middleware.go:71.3,71.18 1 0
github.com/netresearch/ldap-manager/internal/web/middleware.go:77.37,78.51 1 0
github.com/netresearch/ldap-manager/internal/web/middleware.go:78.51,80.3 1 0
github.com/netresearch/ldap-manager/internal/web/middleware.go:82.2,82.11 1 0
github.com/netresearch/ldap-manager/internal/web/middleware.go:87.50,89.18 2 0
github.com/netresearch/ldap-manager/internal/web/middleware.go:89.18,93.3 2 0
github.com/netresearch/ldap-manager/internal/web/middleware.go:95.2,95.20 1 0
github.com/netresearch/ldap-manager/internal/web/server.go:31.58,32.26 1 0
github.com/netresearch/ldap-manager/internal/web/server.go:32.26,38.3 1 0
github.com/netresearch/ldap-manager/internal/web/server.go:40.2,40.21 1 0
github.com/netresearch/ldap-manager/internal/web/server.go:46.47,48.16 2 0
github.com/netresearch/ldap-manager/internal/web/server.go:48.16,50.3 1 0
github.com/netresearch/ldap-manager/internal/web/server.go:52.2,102.15 22 0
github.com/netresearch/ldap-manager/internal/web/server.go:108.41,112.2 2 0
github.com/netresearch/ldap-manager/internal/web/server.go:114.47,120.2 3 0
github.com/netresearch/ldap-manager/internal/web/server.go:122.48,125.16 2 0
github.com/netresearch/ldap-manager/internal/web/server.go:125.16,127.3 1 0
github.com/netresearch/ldap-manager/internal/web/server.go:129.2,130.16 2 0
github.com/netresearch/ldap-manager/internal/web/server.go:130.16,132.3 1 0
github.com/netresearch/ldap-manager/internal/web/server.go:134.2,136.81 2 0
github.com/netresearch/ldap-manager/internal/web/server.go:139.53,143.2 2 0
github.com/netresearch/ldap-manager/internal/web/server.go:145.83,147.16 2 0
github.com/netresearch/ldap-manager/internal/web/server.go:147.16,149.3 1 0
github.com/netresearch/ldap-manager/internal/web/server.go:151.2,151.62 1 0
github.com/netresearch/ldap-manager/internal/web/users.go:14.48,18.46 3 0
github.com/netresearch/ldap-manager/internal/web/users.go:18.46,20.3 1 0
github.com/netresearch/ldap-manager/internal/web/users.go:22.2,24.117 2 0
github.com/netresearch/ldap-manager/internal/web/users.go:27.47,30.16 2 0
github.com/netresearch/ldap-manager/internal/web/users.go:30.16,32.3 1 0
github.com/netresearch/ldap-manager/internal/web/users.go:34.2,35.16 2 0
github.com/netresearch/ldap-manager/internal/web/users.go:35.16,37.3 1 0
github.com/netresearch/ldap-manager/internal/web/users.go:39.2,40.52 2 0
github.com/netresearch/ldap-manager/internal/web/users.go:40.52,42.3 1 0
github.com/netresearch/ldap-manager/internal/web/users.go:43.2,44.57 2 0
github.com/netresearch/ldap-manager/internal/web/users.go:44.57,46.3 1 0
github.com/netresearch/ldap-manager/internal/web/users.go:48.2,50.119 2 0
github.com/netresearch/ldap-manager/internal/web/users.go:59.53,62.16 2 0
github.com/netresearch/ldap-manager/internal/web/users.go:62.16,64.3 1 0
github.com/netresearch/ldap-manager/internal/web/users.go:66.2,67.44 2 0
github.com/netresearch/ldap-manager/internal/web/users.go:67.44,69.3 1 0
github.com/netresearch/ldap-manager/internal/web/users.go:71.2,71.53 1 0
github.com/netresearch/ldap-manager/internal/web/users.go:71.53,73.3 1 0
github.com/netresearch/ldap-manager/internal/web/users.go:76.2,76.32 1 0
github.com/netresearch/ldap-manager/internal/web/users.go:76.32,78.3 1 0
github.com/netresearch/ldap-manager/internal/web/users.go:80.2,81.16 2 0
github.com/netresearch/ldap-manager/internal/web/users.go:81.16,83.3 1 0
github.com/netresearch/ldap-manager/internal/web/users.go:84.2,85.16 2 0
github.com/netresearch/ldap-manager/internal/web/users.go:85.16,87.3 1 0
github.com/netresearch/ldap-manager/internal/web/users.go:90.2,90.68 1 0
github.com/netresearch/ldap-manager/internal/web/users.go:90.68,92.3 1 0
github.com/netresearch/ldap-manager/internal/web/users.go:95.2,95.73 1 0
github.com/netresearch/ldap-manager/internal/web/users.go:98.80,99.59 1 1
github.com/netresearch/ldap-manager/internal/web/users.go:99.59,100.34 1 1
github.com/netresearch/ldap-manager/internal/web/users.go:100.34,101.25 1 0
github.com/netresearch/ldap-manager/internal/web/users.go:101.25,103.5 1 0
github.com/netresearch/ldap-manager/internal/web/users.go:106.3,106.14 1 1
github.com/netresearch/ldap-manager/internal/web/users.go:111.91,113.16 2 0
github.com/netresearch/ldap-manager/internal/web/users.go:113.16,115.3 1 0
github.com/netresearch/ldap-manager/internal/web/users.go:117.2,118.52 2 0
github.com/netresearch/ldap-manager/internal/web/users.go:118.52,120.3 1 0
github.com/netresearch/ldap-manager/internal/web/users.go:121.2,122.57 2 0
github.com/netresearch/ldap-manager/internal/web/users.go:122.57,124.3 1 0
github.com/netresearch/ldap-manager/internal/web/users.go:126.2,126.36 1 0
github.com/netresearch/ldap-manager/internal/web/users.go:130.80,133.16 3 0
github.com/netresearch/ldap-manager/internal/web/users.go:133.16,135.3 1 0
github.com/netresearch/ldap-manager/internal/web/users.go:137.2,140.54 1 0
github.com/netresearch/ldap-manager/internal/web/users.go:144.84,147.16 3 0
github.com/netresearch/ldap-manager/internal/web/users.go:147.16,149.3 1 0
github.com/netresearch/ldap-manager/internal/web/users.go:151.2,154.54 1 0
github.com/netresearch/ldap-manager/internal/web/users.go:158.96,159.26 1 0
github.com/netresearch/ldap-manager/internal/web/users.go:159.26,160.66 1 0
github.com/netresearch/ldap-manager/internal/web/users.go:160.66,162.4 1 0
github.com/netresearch/ldap-manager/internal/web/users.go:163.3,163.55 1 0
github.com/netresearch/ldap-manager/internal/web/users.go:164.8,164.36 1 0
github.com/netresearch/ldap-manager/internal/web/users.go:164.36,165.74 1 0
github.com/netresearch/ldap-manager/internal/web/users.go:165.74,167.4 1 0
github.com/netresearch/ldap-manager/internal/web/users.go:168.3,168.63 1 0
github.com/netresearch/ldap-manager/internal/web/users.go:171.2,171.12 1 0
